Using pre-set license
Built from '2020.3/staging' branch; Version is '2020.3.20f1 (41c4e627c95f) revision 4310246'; Using compiler version '192528614'; Build Type 'Release'
OS: 'Windows 10 Home; OS build 19043.2006; Version 2009; 64bit' Language: 'en' Physical Memory: 16281 MB
BatchMode: 1, IsHumanControllingUs: 0, StartBugReporterOnCrash: 0, Is64bit: 1, IsPro: 0

COMMAND LINE ARGUMENTS:
C:\Program Files\Unity\Hub\Editor\2020.3.20f1\Editor\Unity.exe
-adb2
-batchMode
-noUpm
-name
AssetImportWorker0
-projectPath
C:/Users/Dylan/Desktop/Rocket Squared Saves/Rocket Squared Save 10.9.22
-logFile
Logs/AssetImportWorker0.log
-srvPort
56679
Successfully changed project path to: C:/Users/Dylan/Desktop/Rocket Squared Saves/Rocket Squared Save 10.9.22
C:/Users/Dylan/Desktop/Rocket Squared Saves/Rocket Squared Save 10.9.22
Using Asset Import Pipeline V2.
Refreshing native plugins compatible for Editor in 49.97 ms, found 3 plugins.
Preloading 0 native plugins for Editor in 0.00 ms.
Initialize engine version: 2020.3.20f1 (41c4e627c95f)
[Subsystems] Discovering subsystems at path C:/Program Files/Unity/Hub/Editor/2020.3.20f1/Editor/Data/Resources/UnitySubsystems
[Subsystems] Discovering subsystems at path C:/Users/Dylan/Desktop/Rocket Squared Saves/Rocket Squared Save 10.9.22/Assets
GfxDevice: creating device client; threaded=0
Direct3D:
    Version:  Direct3D 11.0 [level 11.1]
    Renderer: NVIDIA GeForce RTX 3070 (ID=0x2484)
    Vendor:   
    VRAM:     8043 MB
    Driver:   31.0.15.1659
Initialize mono
Mono path[0] = 'C:/Program Files/Unity/Hub/Editor/2020.3.20f1/Editor/Data/Managed'
Mono path[1] = 'C:/Program Files/Unity/Hub/Editor/2020.3.20f1/Editor/Data/MonoBleedingEdge/lib/mono/unityjit'
Mono config path = 'C:/Program Files/Unity/Hub/Editor/2020.3.20f1/Editor/Data/MonoBleedingEdge/etc'
Using monoOptions --debugger-agent=transport=dt_socket,embedding=1,server=y,suspend=n,address=127.0.0.1:56724
Begin MonoManager ReloadAssembly
Registering precompiled unity dll's ...
Register platform support module: C:/Program Files/Unity/Hub/Editor/2020.3.20f1/Editor/Data/PlaybackEngines/WindowsStandaloneSupport/UnityEditor.WindowsStandalone.Extensions.dll
Registered in 0.001207 seconds.
Native extension for WindowsStandalone target not found
Refreshing native plugins compatible for Editor in 43.76 ms, found 3 plugins.
Preloading 0 native plugins for Editor in 0.00 ms.
Mono: successfully reloaded assembly
- Completed reload, in  0.699 seconds
Domain Reload Profiling:
	ReloadAssembly (699ms)
		BeginReloadAssembly (38ms)
			ExecutionOrderSort (0ms)
			DisableScriptedObjects (0ms)
			BackupInstance (0ms)
			ReleaseScriptingObjects (0ms)
			CreateAndSetChildDomain (1ms)
		EndReloadAssembly (284ms)
			LoadAssemblies (37ms)
			RebuildTransferFunctionScriptingTraits (0ms)
			SetupTypeCache (95ms)
			ReleaseScriptCaches (0ms)
			RebuildScriptCaches (19ms)
			SetupLoadedEditorAssemblies (126ms)
				LogAssemblyErrors (0ms)
				InitializePlatformSupportModulesInManaged (3ms)
				SetLoadedEditorAssemblies (0ms)
				RefreshPlugins (44ms)
				BeforeProcessingInitializeOnLoad (6ms)
				ProcessInitializeOnLoadAttributes (54ms)
				ProcessInitializeOnLoadMethodAttributes (19ms)
				AfterProcessingInitializeOnLoad (0ms)
				EditorAssembliesLoaded (0ms)
			ExecutionOrderSort2 (0ms)
			AwakeInstancesAfterBackupRestoration (0ms)
Platform modules already initialized, skipping
Registering precompiled user dll's ...
Registered in 0.002977 seconds.
Begin MonoManager ReloadAssembly
Error: Could not load signature of UnityEngine.Advertisements.Editor.PostProcessBuildPlist:PlistContainsAdNetworkId due to: Could not load file or assembly 'UnityEditor.iOS.Extensions.Xcode, Version=1.0.0.0, Culture=neutral, PublicKeyToken=null' or one of its dependencies. assembly:UnityEditor.iOS.Extensions.Xcode, Version=1.0.0.0, Culture=neutral, PublicKeyToken=null type:<unknown type> member:(null) signature:<none>
0x00007ff6cc837c1c (Unity) StackWalker::GetCurrentCallstack
0x00007ff6cc8402b9 (Unity) StackWalker::ShowCallstack
0x00007ff6cdd645bc (Unity) GetStacktrace
0x00007ff6cee956f3 (Unity) DebugStringToFile
0x00007ff6cc64cd4b (Unity) ScanForAttributesAndInterfaceImplementations
0x00007ff6cc66db53 (Unity) MonoManager::SetupTypeCache
0x00007ff6cc6643e3 (Unity) MonoManager::EndReloadAssembly
0x00007ff6cc66b707 (Unity) MonoManager::ReloadAssembly
0x00007ff6cda5f361 (Unity) LoadDomainAndUserAssemblies
0x00007ff6cda5f80e (Unity) LoadUserAssemblies
0x00007ff6cd3c6611 (Unity) Application::InitializeProject
0x00007ff6cdd71b22 (Unity) WinMain
0x00007ff6cfbc92b6 (Unity) __scrt_common_main_seh
0x00007ffdfc2d7034 (KERNEL32) BaseThreadInitThunk
0x00007ffdfd3426a1 (ntdll) RtlUserThreadStart

Error: Could not load signature of iOSNotificationPostProcessor:ShouldAddSettingToPlist due to: Could not load file or assembly 'UnityEditor.iOS.Extensions.Xcode, Version=1.0.0.0, Culture=neutral, PublicKeyToken=null' or one of its dependencies. assembly:UnityEditor.iOS.Extensions.Xcode, Version=1.0.0.0, Culture=neutral, PublicKeyToken=null type:<unknown type> member:(null) signature:<none>
0x00007ff6cc837c1c (Unity) StackWalker::GetCurrentCallstack
0x00007ff6cc8402b9 (Unity) StackWalker::ShowCallstack
0x00007ff6cdd645bc (Unity) GetStacktrace
0x00007ff6cee956f3 (Unity) DebugStringToFile
0x00007ff6cc64cd4b (Unity) ScanForAttributesAndInterfaceImplementations
0x00007ff6cc66db53 (Unity) MonoManager::SetupTypeCache
0x00007ff6cc6643e3 (Unity) MonoManager::EndReloadAssembly
0x00007ff6cc66b707 (Unity) MonoManager::ReloadAssembly
0x00007ff6cda5f361 (Unity) LoadDomainAndUserAssemblies
0x00007ff6cda5f80e (Unity) LoadUserAssemblies
0x00007ff6cd3c6611 (Unity) Application::InitializeProject
0x00007ff6cdd71b22 (Unity) WinMain
0x00007ff6cfbc92b6 (Unity) __scrt_common_main_seh
0x00007ffdfc2d7034 (KERNEL32) BaseThreadInitThunk
0x00007ffdfd3426a1 (ntdll) RtlUserThreadStart

Unloading broken assembly Library/ScriptAssemblies/UnityEngine.Advertisements.Editor.dll, this assembly can cause crashes in the runtime
0x00007ff6cc837c1c (Unity) StackWalker::GetCurrentCallstack
0x00007ff6cc8402b9 (Unity) StackWalker::ShowCallstack
0x00007ff6cdd645bc (Unity) GetStacktrace
0x00007ff6cee956f3 (Unity) DebugStringToFile
0x00007ff6cc66d335 (Unity) MonoManager::SetupLoadedEditorAssemblies
0x00007ff6cc664771 (Unity) MonoManager::EndReloadAssembly
0x00007ff6cc66b707 (Unity) MonoManager::ReloadAssembly
0x00007ff6cda5f361 (Unity) LoadDomainAndUserAssemblies
0x00007ff6cda5f80e (Unity) LoadUserAssemblies
0x00007ff6cd3c6611 (Unity) Application::InitializeProject
0x00007ff6cdd71b22 (Unity) WinMain
0x00007ff6cfbc92b6 (Unity) __scrt_common_main_seh
0x00007ffdfc2d7034 (KERNEL32) BaseThreadInitThunk
0x00007ffdfd3426a1 (ntdll) RtlUserThreadStart

Unloading broken assembly Library/ScriptAssemblies/Unity.Notifications.dll, this assembly can cause crashes in the runtime
0x00007ff6cc837c1c (Unity) StackWalker::GetCurrentCallstack
0x00007ff6cc8402b9 (Unity) StackWalker::ShowCallstack
0x00007ff6cdd645bc (Unity) GetStacktrace
0x00007ff6cee956f3 (Unity) DebugStringToFile
0x00007ff6cc66d335 (Unity) MonoManager::SetupLoadedEditorAssemblies
0x00007ff6cc664771 (Unity) MonoManager::EndReloadAssembly
0x00007ff6cc66b707 (Unity) MonoManager::ReloadAssembly
0x00007ff6cda5f361 (Unity) LoadDomainAndUserAssemblies
0x00007ff6cda5f80e (Unity) LoadUserAssemblies
0x00007ff6cd3c6611 (Unity) Application::InitializeProject
0x00007ff6cdd71b22 (Unity) WinMain
0x00007ff6cfbc92b6 (Unity) __scrt_common_main_seh
0x00007ffdfc2d7034 (KERNEL32) BaseThreadInitThunk
0x00007ffdfd3426a1 (ntdll) RtlUserThreadStart

Native extension for WindowsStandalone target not found
Refreshing native plugins compatible for Editor in 40.87 ms, found 3 plugins.
Preloading 0 native plugins for Editor in 0.00 ms.
Mono: successfully reloaded assembly
- Completed reload, in  1.018 seconds
Domain Reload Profiling:
	ReloadAssembly (1019ms)
		BeginReloadAssembly (93ms)
			ExecutionOrderSort (0ms)
			DisableScriptedObjects (3ms)
			BackupInstance (0ms)
			ReleaseScriptingObjects (0ms)
			CreateAndSetChildDomain (12ms)
		EndReloadAssembly (887ms)
			LoadAssemblies (63ms)
			RebuildTransferFunctionScriptingTraits (0ms)
			SetupTypeCache (460ms)
			ReleaseScriptCaches (0ms)
			RebuildScriptCaches (34ms)
			SetupLoadedEditorAssemblies (257ms)
				LogAssemblyErrors (1ms)
				InitializePlatformSupportModulesInManaged (3ms)
				SetLoadedEditorAssemblies (0ms)
				RefreshPlugins (41ms)
				BeforeProcessingInitializeOnLoad (53ms)
				ProcessInitializeOnLoadAttributes (145ms)
				ProcessInitializeOnLoadMethodAttributes (12ms)
				AfterProcessingInitializeOnLoad (4ms)
				EditorAssembliesLoaded (0ms)
			ExecutionOrderSort2 (0ms)
			AwakeInstancesAfterBackupRestoration (4ms)
Platform modules already initialized, skipping
========================================================================
Worker process is ready to serve import requests
Launched and connected shader compiler UnityShaderCompiler.exe after 0.03 seconds
Refreshing native plugins compatible for Editor in 0.52 ms, found 3 plugins.
Preloading 0 native plugins for Editor in 0.00 ms.
Unloading 2711 Unused Serialized files (Serialized files now loaded: 0)
System memory in use before: 119.3 MB.
System memory in use after: 119.5 MB.

Unloading 57 unused Assets to reduce memory usage. Loaded Objects now: 3124.
Total: 2.103600 ms (FindLiveObjects: 0.167000 ms CreateObjectMapping: 0.066800 ms MarkObjects: 1.812900 ms  DeleteObjects: 0.056000 ms)

AssetImportParameters requested are different than current active one (requested -> active):
  custom:framework-win-MediaFoundation: 216162199b28c13a410421893ffa2e32 -> 
  custom:video-decoder-ogg-theora: a1e56fd34408186e4bbccfd4996cb3dc -> 
  custom:container-muxer-webm: aa71ff27fc2769a1b78a27578f13a17b -> 
  custom:container-demuxer-webm: 4f35f7cbe854078d1ac9338744f61a02 -> 
  custom:container-demuxer-ogg: 62fdf1f143b41e24485cea50d1cbac27 -> 
  custom:video-encoder-webm-vp8: eb34c28f22e8b96e1ab97ce403110664 -> 
  custom:video-decoder-webm-vp8: 9c59270c3fd7afecdb556c50c9e8de78 -> 
  custom:audio-decoder-ogg-vorbis: bf7c407c2cedff20999df2af8eb42d56 -> 
  custom:audio-encoder-webm-vorbis: bf7c407c2cedff20999df2af8eb42d56 -> 
========================================================================
Received Import Request.
  path: Assets/Settings.unity
  artifactKey: Guid(d3774e9d3ff857c43a2d100f4592592d) Importer(815301076,1909f56bfc062723c751e8b465ee728b)
Start importing Assets/Settings.unity using Guid(d3774e9d3ff857c43a2d100f4592592d) Importer(815301076,1909f56bfc062723c751e8b465ee728b)  -> (artifact id: 'ddc19794b0d029e7e8d74738e1137116') in 0.011988 seconds 
  Import took 0.016334 seconds .

========================================================================
Received Import Request.
  Time since last request: 1201.836249 seconds.
  path: Assets/Stats.unity
  artifactKey: Guid(6a384899e55b0304d8bcbf59edab34cd) Importer(815301076,1909f56bfc062723c751e8b465ee728b)
Start importing Assets/Stats.unity using Guid(6a384899e55b0304d8bcbf59edab34cd) Importer(815301076,1909f56bfc062723c751e8b465ee728b)  -> (artifact id: '061f9ca2ecdfbe1e3887ce4d1a7a1c41') in 0.005816 seconds 
  Import took 0.016850 seconds .

========================================================================
Received Prepare
Registering precompiled user dll's ...
Registered in 0.095109 seconds.
Begin MonoManager ReloadAssembly
Error: Could not load signature of UnityEngine.Advertisements.Editor.PostProcessBuildPlist:PlistContainsAdNetworkId due to: Could not load file or assembly 'UnityEditor.iOS.Extensions.Xcode, Version=1.0.0.0, Culture=neutral, PublicKeyToken=null' or one of its dependencies. assembly:UnityEditor.iOS.Extensions.Xcode, Version=1.0.0.0, Culture=neutral, PublicKeyToken=null type:<unknown type> member:(null) signature:<none>
0x00007ff6cc837c1c (Unity) StackWalker::GetCurrentCallstack
0x00007ff6cc8402b9 (Unity) StackWalker::ShowCallstack
0x00007ff6cdd645bc (Unity) GetStacktrace
0x00007ff6cee956f3 (Unity) DebugStringToFile
0x00007ff6cc64cd4b (Unity) ScanForAttributesAndInterfaceImplementations
0x00007ff6cc66db53 (Unity) MonoManager::SetupTypeCache
0x00007ff6cc6643e3 (Unity) MonoManager::EndReloadAssembly
0x00007ff6cc66b707 (Unity) MonoManager::ReloadAssembly
0x00007ff6cda5f361 (Unity) LoadDomainAndUserAssemblies
0x00007ff6cda5f80e (Unity) LoadUserAssemblies
0x00007ff6cded62b8 (Unity) <lambda_d5cd3abeeb3ed75489242b6b28c1fa53>::operator()
0x00007ff6cdf7a262 (Unity) asio::detail::completion_handler<core::mutable_function<void __cdecl(void)> >::do_complete
0x00007ff6cdf7c3c0 (Unity) asio::detail::win_iocp_io_service::do_one
0x00007ff6cdf7fb4e (Unity) asio::io_service::run
0x00007ff6cdf029eb (Unity) RunAssetImportWorkerClientV2
0x00007ff6cdf02a40 (Unity) RunAssetImporterV2
0x00007ff6cd3c6616 (Unity) Application::InitializeProject
0x00007ff6cdd71b22 (Unity) WinMain
0x00007ff6cfbc92b6 (Unity) __scrt_common_main_seh
0x00007ffdfc2d7034 (KERNEL32) BaseThreadInitThunk
0x00007ffdfd3426a1 (ntdll) RtlUserThreadStart

Error: Could not load signature of iOSNotificationPostProcessor:ShouldAddSettingToPlist due to: Could not load file or assembly 'UnityEditor.iOS.Extensions.Xcode, Version=1.0.0.0, Culture=neutral, PublicKeyToken=null' or one of its dependencies. assembly:UnityEditor.iOS.Extensions.Xcode, Version=1.0.0.0, Culture=neutral, PublicKeyToken=null type:<unknown type> member:(null) signature:<none>
0x00007ff6cc837c1c (Unity) StackWalker::GetCurrentCallstack
0x00007ff6cc8402b9 (Unity) StackWalker::ShowCallstack
0x00007ff6cdd645bc (Unity) GetStacktrace
0x00007ff6cee956f3 (Unity) DebugStringToFile
0x00007ff6cc64cd4b (Unity) ScanForAttributesAndInterfaceImplementations
0x00007ff6cc66db53 (Unity) MonoManager::SetupTypeCache
0x00007ff6cc6643e3 (Unity) MonoManager::EndReloadAssembly
0x00007ff6cc66b707 (Unity) MonoManager::ReloadAssembly
0x00007ff6cda5f361 (Unity) LoadDomainAndUserAssemblies
0x00007ff6cda5f80e (Unity) LoadUserAssemblies
0x00007ff6cded62b8 (Unity) <lambda_d5cd3abeeb3ed75489242b6b28c1fa53>::operator()
0x00007ff6cdf7a262 (Unity) asio::detail::completion_handler<core::mutable_function<void __cdecl(void)> >::do_complete
0x00007ff6cdf7c3c0 (Unity) asio::detail::win_iocp_io_service::do_one
0x00007ff6cdf7fb4e (Unity) asio::io_service::run
0x00007ff6cdf029eb (Unity) RunAssetImportWorkerClientV2
0x00007ff6cdf02a40 (Unity) RunAssetImporterV2
0x00007ff6cd3c6616 (Unity) Application::InitializeProject
0x00007ff6cdd71b22 (Unity) WinMain
0x00007ff6cfbc92b6 (Unity) __scrt_common_main_seh
0x00007ffdfc2d7034 (KERNEL32) BaseThreadInitThunk
0x00007ffdfd3426a1 (ntdll) RtlUserThreadStart

Unloading broken assembly Library/ScriptAssemblies/UnityEngine.Advertisements.Editor.dll, this assembly can cause crashes in the runtime
0x00007ff6cc837c1c (Unity) StackWalker::GetCurrentCallstack
0x00007ff6cc8402b9 (Unity) StackWalker::ShowCallstack
0x00007ff6cdd645bc (Unity) GetStacktrace
0x00007ff6cee956f3 (Unity) DebugStringToFile
0x00007ff6cc66d335 (Unity) MonoManager::SetupLoadedEditorAssemblies
0x00007ff6cc664771 (Unity) MonoManager::EndReloadAssembly
0x00007ff6cc66b707 (Unity) MonoManager::ReloadAssembly
0x00007ff6cda5f361 (Unity) LoadDomainAndUserAssemblies
0x00007ff6cda5f80e (Unity) LoadUserAssemblies
0x00007ff6cded62b8 (Unity) <lambda_d5cd3abeeb3ed75489242b6b28c1fa53>::operator()
0x00007ff6cdf7a262 (Unity) asio::detail::completion_handler<core::mutable_function<void __cdecl(void)> >::do_complete
0x00007ff6cdf7c3c0 (Unity) asio::detail::win_iocp_io_service::do_one
0x00007ff6cdf7fb4e (Unity) asio::io_service::run
0x00007ff6cdf029eb (Unity) RunAssetImportWorkerClientV2
0x00007ff6cdf02a40 (Unity) RunAssetImporterV2
0x00007ff6cd3c6616 (Unity) Application::InitializeProject
0x00007ff6cdd71b22 (Unity) WinMain
0x00007ff6cfbc92b6 (Unity) __scrt_common_main_seh
0x00007ffdfc2d7034 (KERNEL32) BaseThreadInitThunk
0x00007ffdfd3426a1 (ntdll) RtlUserThreadStart

Unloading broken assembly Library/ScriptAssemblies/Unity.Notifications.dll, this assembly can cause crashes in the runtime
0x00007ff6cc837c1c (Unity) StackWalker::GetCurrentCallstack
0x00007ff6cc8402b9 (Unity) StackWalker::ShowCallstack
0x00007ff6cdd645bc (Unity) GetStacktrace
0x00007ff6cee956f3 (Unity) DebugStringToFile
0x00007ff6cc66d335 (Unity) MonoManager::SetupLoadedEditorAssemblies
0x00007ff6cc664771 (Unity) MonoManager::EndReloadAssembly
0x00007ff6cc66b707 (Unity) MonoManager::ReloadAssembly
0x00007ff6cda5f361 (Unity) LoadDomainAndUserAssemblies
0x00007ff6cda5f80e (Unity) LoadUserAssemblies
0x00007ff6cded62b8 (Unity) <lambda_d5cd3abeeb3ed75489242b6b28c1fa53>::operator()
0x00007ff6cdf7a262 (Unity) asio::detail::completion_handler<core::mutable_function<void __cdecl(void)> >::do_complete
0x00007ff6cdf7c3c0 (Unity) asio::detail::win_iocp_io_service::do_one
0x00007ff6cdf7fb4e (Unity) asio::io_service::run
0x00007ff6cdf029eb (Unity) RunAssetImportWorkerClientV2
0x00007ff6cdf02a40 (Unity) RunAssetImporterV2
0x00007ff6cd3c6616 (Unity) Application::InitializeProject
0x00007ff6cdd71b22 (Unity) WinMain
0x00007ff6cfbc92b6 (Unity) __scrt_common_main_seh
0x00007ffdfc2d7034 (KERNEL32) BaseThreadInitThunk
0x00007ffdfd3426a1 (ntdll) RtlUserThreadStart

Native extension for WindowsStandalone target not found
Refreshing native plugins compatible for Editor in 0.64 ms, found 3 plugins.
Preloading 0 native plugins for Editor in 0.00 ms.
Mono: successfully reloaded assembly
- Completed reload, in  0.771 seconds
Domain Reload Profiling:
	ReloadAssembly (771ms)
		BeginReloadAssembly (79ms)
			ExecutionOrderSort (0ms)
			DisableScriptedObjects (4ms)
			BackupInstance (0ms)
			ReleaseScriptingObjects (0ms)
			CreateAndSetChildDomain (24ms)
		EndReloadAssembly (652ms)
			LoadAssemblies (64ms)
			RebuildTransferFunctionScriptingTraits (0ms)
			SetupTypeCache (195ms)
			ReleaseScriptCaches (1ms)
			RebuildScriptCaches (30ms)
			SetupLoadedEditorAssemblies (286ms)
				LogAssemblyErrors (1ms)
				InitializePlatformSupportModulesInManaged (3ms)
				SetLoadedEditorAssemblies (0ms)
				RefreshPlugins (1ms)
				BeforeProcessingInitializeOnLoad (49ms)
				ProcessInitializeOnLoadAttributes (220ms)
				ProcessInitializeOnLoadMethodAttributes (8ms)
				AfterProcessingInitializeOnLoad (3ms)
				EditorAssembliesLoaded (0ms)
			ExecutionOrderSort2 (0ms)
			AwakeInstancesAfterBackupRestoration (6ms)
Platform modules already initialized, skipping
Switching build target platform(19) subTarget(0) extendedPlatform(0) -> platform(9) subTarget(16777218) extendedPlatform(0)
Refreshing native plugins compatible for Editor in 0.52 ms, found 3 plugins.
Preloading 0 native plugins for Editor in 0.00 ms.
Unloading 2661 Unused Serialized files (Serialized files now loaded: 0)
System memory in use before: 113.8 MB.
System memory in use after: 114.0 MB.

Unloading 46 unused Assets to reduce memory usage. Loaded Objects now: 3126.
Total: 1.958800 ms (FindLiveObjects: 0.153400 ms CreateObjectMapping: 0.059200 ms MarkObjects: 1.728400 ms  DeleteObjects: 0.016900 ms)

AssetImportParameters requested are different than current active one (requested -> active):
  custom:framework-win-MediaFoundation: 216162199b28c13a410421893ffa2e32 -> 
  custom:video-decoder-ogg-theora: a1e56fd34408186e4bbccfd4996cb3dc -> 
  custom:container-muxer-webm: aa71ff27fc2769a1b78a27578f13a17b -> 
  custom:container-demuxer-webm: 4f35f7cbe854078d1ac9338744f61a02 -> 
  custom:container-demuxer-ogg: 62fdf1f143b41e24485cea50d1cbac27 -> 
  custom:video-encoder-webm-vp8: eb34c28f22e8b96e1ab97ce403110664 -> 
  custom:video-decoder-webm-vp8: 9c59270c3fd7afecdb556c50c9e8de78 -> 
  custom:graphics/normal-map-encoding: 01000000000000000000000000000000 -> 02000000000000000000000000000000
  custom:audio-decoder-ogg-vorbis: bf7c407c2cedff20999df2af8eb42d56 -> 
  custom:audio-encoder-webm-vorbis: bf7c407c2cedff20999df2af8eb42d56 -> 
========================================================================
Received Import Request.
  Time since last request: 585.859614 seconds.
  path: Assets/About.unity
  artifactKey: Guid(ab3276b24f11426468a1df2dc1a8abba) Importer(815301076,1909f56bfc062723c751e8b465ee728b)
Start importing Assets/About.unity using Guid(ab3276b24f11426468a1df2dc1a8abba) Importer(815301076,1909f56bfc062723c751e8b465ee728b)  -> (artifact id: '87095d17026dd84928661d21ba55295a') in 0.013352 seconds 
  Import took 0.016495 seconds .

========================================================================
Received Import Request.
  Time since last request: 309.194274 seconds.
  path: Assets/Game.unity
  artifactKey: Guid(0f67beeef43e83649883e1aababd77e8) Importer(815301076,1909f56bfc062723c751e8b465ee728b)
Start importing Assets/Game.unity using Guid(0f67beeef43e83649883e1aababd77e8) Importer(815301076,1909f56bfc062723c751e8b465ee728b)  -> (artifact id: '3dfc47c0dbb7eabb5c3e286eca90d157') in 0.004763 seconds 
  Import took 0.008600 seconds .

========================================================================
Received Prepare
Registering precompiled user dll's ...
Registered in 0.002744 seconds.
Begin MonoManager ReloadAssembly
Error: Could not load signature of UnityEngine.Advertisements.Editor.PostProcessBuildPlist:PlistContainsAdNetworkId due to: Could not load file or assembly 'UnityEditor.iOS.Extensions.Xcode, Version=1.0.0.0, Culture=neutral, PublicKeyToken=null' or one of its dependencies. assembly:UnityEditor.iOS.Extensions.Xcode, Version=1.0.0.0, Culture=neutral, PublicKeyToken=null type:<unknown type> member:(null) signature:<none>
0x00007ff6cc837c1c (Unity) StackWalker::GetCurrentCallstack
0x00007ff6cc8402b9 (Unity) StackWalker::ShowCallstack
0x00007ff6cdd645bc (Unity) GetStacktrace
0x00007ff6cee956f3 (Unity) DebugStringToFile
0x00007ff6cc64cd4b (Unity) ScanForAttributesAndInterfaceImplementations
0x00007ff6cc66db53 (Unity) MonoManager::SetupTypeCache
0x00007ff6cc6643e3 (Unity) MonoManager::EndReloadAssembly
0x00007ff6cc66b707 (Unity) MonoManager::ReloadAssembly
0x00007ff6cda5f361 (Unity) LoadDomainAndUserAssemblies
0x00007ff6cda5f80e (Unity) LoadUserAssemblies
0x00007ff6cded62b8 (Unity) <lambda_d5cd3abeeb3ed75489242b6b28c1fa53>::operator()
0x00007ff6cdf7a262 (Unity) asio::detail::completion_handler<core::mutable_function<void __cdecl(void)> >::do_complete
0x00007ff6cdf7c3c0 (Unity) asio::detail::win_iocp_io_service::do_one
0x00007ff6cdf7fb4e (Unity) asio::io_service::run
0x00007ff6cdf029eb (Unity) RunAssetImportWorkerClientV2
0x00007ff6cdf02a40 (Unity) RunAssetImporterV2
0x00007ff6cd3c6616 (Unity) Application::InitializeProject
0x00007ff6cdd71b22 (Unity) WinMain
0x00007ff6cfbc92b6 (Unity) __scrt_common_main_seh
0x00007ffdfc2d7034 (KERNEL32) BaseThreadInitThunk
0x00007ffdfd3426a1 (ntdll) RtlUserThreadStart

Error: Could not load signature of iOSNotificationPostProcessor:ShouldAddSettingToPlist due to: Could not load file or assembly 'UnityEditor.iOS.Extensions.Xcode, Version=1.0.0.0, Culture=neutral, PublicKeyToken=null' or one of its dependencies. assembly:UnityEditor.iOS.Extensions.Xcode, Version=1.0.0.0, Culture=neutral, PublicKeyToken=null type:<unknown type> member:(null) signature:<none>
0x00007ff6cc837c1c (Unity) StackWalker::GetCurrentCallstack
0x00007ff6cc8402b9 (Unity) StackWalker::ShowCallstack
0x00007ff6cdd645bc (Unity) GetStacktrace
0x00007ff6cee956f3 (Unity) DebugStringToFile
0x00007ff6cc64cd4b (Unity) ScanForAttributesAndInterfaceImplementations
0x00007ff6cc66db53 (Unity) MonoManager::SetupTypeCache
0x00007ff6cc6643e3 (Unity) MonoManager::EndReloadAssembly
0x00007ff6cc66b707 (Unity) MonoManager::ReloadAssembly
0x00007ff6cda5f361 (Unity) LoadDomainAndUserAssemblies
0x00007ff6cda5f80e (Unity) LoadUserAssemblies
0x00007ff6cded62b8 (Unity) <lambda_d5cd3abeeb3ed75489242b6b28c1fa53>::operator()
0x00007ff6cdf7a262 (Unity) asio::detail::completion_handler<core::mutable_function<void __cdecl(void)> >::do_complete
0x00007ff6cdf7c3c0 (Unity) asio::detail::win_iocp_io_service::do_one
0x00007ff6cdf7fb4e (Unity) asio::io_service::run
0x00007ff6cdf029eb (Unity) RunAssetImportWorkerClientV2
0x00007ff6cdf02a40 (Unity) RunAssetImporterV2
0x00007ff6cd3c6616 (Unity) Application::InitializeProject
0x00007ff6cdd71b22 (Unity) WinMain
0x00007ff6cfbc92b6 (Unity) __scrt_common_main_seh
0x00007ffdfc2d7034 (KERNEL32) BaseThreadInitThunk
0x00007ffdfd3426a1 (ntdll) RtlUserThreadStart

Unloading broken assembly Library/ScriptAssemblies/UnityEngine.Advertisements.Editor.dll, this assembly can cause crashes in the runtime
0x00007ff6cc837c1c (Unity) StackWalker::GetCurrentCallstack
0x00007ff6cc8402b9 (Unity) StackWalker::ShowCallstack
0x00007ff6cdd645bc (Unity) GetStacktrace
0x00007ff6cee956f3 (Unity) DebugStringToFile
0x00007ff6cc66d335 (Unity) MonoManager::SetupLoadedEditorAssemblies
0x00007ff6cc664771 (Unity) MonoManager::EndReloadAssembly
0x00007ff6cc66b707 (Unity) MonoManager::ReloadAssembly
0x00007ff6cda5f361 (Unity) LoadDomainAndUserAssemblies
0x00007ff6cda5f80e (Unity) LoadUserAssemblies
0x00007ff6cded62b8 (Unity) <lambda_d5cd3abeeb3ed75489242b6b28c1fa53>::operator()
0x00007ff6cdf7a262 (Unity) asio::detail::completion_handler<core::mutable_function<void __cdecl(void)> >::do_complete
0x00007ff6cdf7c3c0 (Unity) asio::detail::win_iocp_io_service::do_one
0x00007ff6cdf7fb4e (Unity) asio::io_service::run
0x00007ff6cdf029eb (Unity) RunAssetImportWorkerClientV2
0x00007ff6cdf02a40 (Unity) RunAssetImporterV2
0x00007ff6cd3c6616 (Unity) Application::InitializeProject
0x00007ff6cdd71b22 (Unity) WinMain
0x00007ff6cfbc92b6 (Unity) __scrt_common_main_seh
0x00007ffdfc2d7034 (KERNEL32) BaseThreadInitThunk
0x00007ffdfd3426a1 (ntdll) RtlUserThreadStart

Unloading broken assembly Library/ScriptAssemblies/Unity.Notifications.dll, this assembly can cause crashes in the runtime
0x00007ff6cc837c1c (Unity) StackWalker::GetCurrentCallstack
0x00007ff6cc8402b9 (Unity) StackWalker::ShowCallstack
0x00007ff6cdd645bc (Unity) GetStacktrace
0x00007ff6cee956f3 (Unity) DebugStringToFile
0x00007ff6cc66d335 (Unity) MonoManager::SetupLoadedEditorAssemblies
0x00007ff6cc664771 (Unity) MonoManager::EndReloadAssembly
0x00007ff6cc66b707 (Unity) MonoManager::ReloadAssembly
0x00007ff6cda5f361 (Unity) LoadDomainAndUserAssemblies
0x00007ff6cda5f80e (Unity) LoadUserAssemblies
0x00007ff6cded62b8 (Unity) <lambda_d5cd3abeeb3ed75489242b6b28c1fa53>::operator()
0x00007ff6cdf7a262 (Unity) asio::detail::completion_handler<core::mutable_function<void __cdecl(void)> >::do_complete
0x00007ff6cdf7c3c0 (Unity) asio::detail::win_iocp_io_service::do_one
0x00007ff6cdf7fb4e (Unity) asio::io_service::run
0x00007ff6cdf029eb (Unity) RunAssetImportWorkerClientV2
0x00007ff6cdf02a40 (Unity) RunAssetImporterV2
0x00007ff6cd3c6616 (Unity) Application::InitializeProject
0x00007ff6cdd71b22 (Unity) WinMain
0x00007ff6cfbc92b6 (Unity) __scrt_common_main_seh
0x00007ffdfc2d7034 (KERNEL32) BaseThreadInitThunk
0x00007ffdfd3426a1 (ntdll) RtlUserThreadStart

Native extension for WindowsStandalone target not found
Refreshing native plugins compatible for Editor in 0.52 ms, found 3 plugins.
Preloading 0 native plugins for Editor in 0.00 ms.
Mono: successfully reloaded assembly
- Completed reload, in  0.687 seconds
Domain Reload Profiling:
	ReloadAssembly (688ms)
		BeginReloadAssembly (86ms)
			ExecutionOrderSort (0ms)
			DisableScriptedObjects (4ms)
			BackupInstance (0ms)
			ReleaseScriptingObjects (0ms)
			CreateAndSetChildDomain (26ms)
		EndReloadAssembly (561ms)
			LoadAssemblies (63ms)
			RebuildTransferFunctionScriptingTraits (0ms)
			SetupTypeCache (186ms)
			ReleaseScriptCaches (1ms)
			RebuildScriptCaches (30ms)
			SetupLoadedEditorAssemblies (209ms)
				LogAssemblyErrors (1ms)
				InitializePlatformSupportModulesInManaged (3ms)
				SetLoadedEditorAssemblies (0ms)
				RefreshPlugins (1ms)
				BeforeProcessingInitializeOnLoad (45ms)
				ProcessInitializeOnLoadAttributes (144ms)
				ProcessInitializeOnLoadMethodAttributes (10ms)
				AfterProcessingInitializeOnLoad (4ms)
				EditorAssembliesLoaded (0ms)
			ExecutionOrderSort2 (0ms)
			AwakeInstancesAfterBackupRestoration (6ms)
Platform modules already initialized, skipping
Switching build target platform(19) subTarget(0) extendedPlatform(0) -> platform(9) subTarget(16777218) extendedPlatform(0)
Refreshing native plugins compatible for Editor in 0.53 ms, found 3 plugins.
Preloading 0 native plugins for Editor in 0.00 ms.
Unloading 2661 Unused Serialized files (Serialized files now loaded: 0)
System memory in use before: 113.8 MB.
System memory in use after: 114.0 MB.

Unloading 46 unused Assets to reduce memory usage. Loaded Objects now: 3128.
Total: 2.024100 ms (FindLiveObjects: 0.149200 ms CreateObjectMapping: 0.056600 ms MarkObjects: 1.799200 ms  DeleteObjects: 0.018400 ms)

AssetImportParameters requested are different than current active one (requested -> active):
  custom:framework-win-MediaFoundation: 216162199b28c13a410421893ffa2e32 -> 
  custom:video-decoder-ogg-theora: a1e56fd34408186e4bbccfd4996cb3dc -> 
  custom:container-muxer-webm: aa71ff27fc2769a1b78a27578f13a17b -> 
  custom:container-demuxer-webm: 4f35f7cbe854078d1ac9338744f61a02 -> 
  custom:container-demuxer-ogg: 62fdf1f143b41e24485cea50d1cbac27 -> 
  custom:video-encoder-webm-vp8: eb34c28f22e8b96e1ab97ce403110664 -> 
  custom:video-decoder-webm-vp8: 9c59270c3fd7afecdb556c50c9e8de78 -> 
  custom:graphics/normal-map-encoding: 01000000000000000000000000000000 -> 02000000000000000000000000000000
  custom:audio-decoder-ogg-vorbis: bf7c407c2cedff20999df2af8eb42d56 -> 
  custom:audio-encoder-webm-vorbis: bf7c407c2cedff20999df2af8eb42d56 -> 
========================================================================
Received Prepare
Registering precompiled user dll's ...
Registered in 0.002914 seconds.
Begin MonoManager ReloadAssembly
Error: Could not load signature of UnityEngine.Advertisements.Editor.PostProcessBuildPlist:PlistContainsAdNetworkId due to: Could not load file or assembly 'UnityEditor.iOS.Extensions.Xcode, Version=1.0.0.0, Culture=neutral, PublicKeyToken=null' or one of its dependencies. assembly:UnityEditor.iOS.Extensions.Xcode, Version=1.0.0.0, Culture=neutral, PublicKeyToken=null type:<unknown type> member:(null) signature:<none>
0x00007ff6cc837c1c (Unity) StackWalker::GetCurrentCallstack
0x00007ff6cc8402b9 (Unity) StackWalker::ShowCallstack
0x00007ff6cdd645bc (Unity) GetStacktrace
0x00007ff6cee956f3 (Unity) DebugStringToFile
0x00007ff6cc64cd4b (Unity) ScanForAttributesAndInterfaceImplementations
0x00007ff6cc66db53 (Unity) MonoManager::SetupTypeCache
0x00007ff6cc6643e3 (Unity) MonoManager::EndReloadAssembly
0x00007ff6cc66b707 (Unity) MonoManager::ReloadAssembly
0x00007ff6cda5f361 (Unity) LoadDomainAndUserAssemblies
0x00007ff6cda5f80e (Unity) LoadUserAssemblies
0x00007ff6cded62b8 (Unity) <lambda_d5cd3abeeb3ed75489242b6b28c1fa53>::operator()
0x00007ff6cdf7a262 (Unity) asio::detail::completion_handler<core::mutable_function<void __cdecl(void)> >::do_complete
0x00007ff6cdf7c3c0 (Unity) asio::detail::win_iocp_io_service::do_one
0x00007ff6cdf7fb4e (Unity) asio::io_service::run
0x00007ff6cdf029eb (Unity) RunAssetImportWorkerClientV2
0x00007ff6cdf02a40 (Unity) RunAssetImporterV2
0x00007ff6cd3c6616 (Unity) Application::InitializeProject
0x00007ff6cdd71b22 (Unity) WinMain
0x00007ff6cfbc92b6 (Unity) __scrt_common_main_seh
0x00007ffdfc2d7034 (KERNEL32) BaseThreadInitThunk
0x00007ffdfd3426a1 (ntdll) RtlUserThreadStart

Error: Could not load signature of iOSNotificationPostProcessor:ShouldAddSettingToPlist due to: Could not load file or assembly 'UnityEditor.iOS.Extensions.Xcode, Version=1.0.0.0, Culture=neutral, PublicKeyToken=null' or one of its dependencies. assembly:UnityEditor.iOS.Extensions.Xcode, Version=1.0.0.0, Culture=neutral, PublicKeyToken=null type:<unknown type> member:(null) signature:<none>
0x00007ff6cc837c1c (Unity) StackWalker::GetCurrentCallstack
0x00007ff6cc8402b9 (Unity) StackWalker::ShowCallstack
0x00007ff6cdd645bc (Unity) GetStacktrace
0x00007ff6cee956f3 (Unity) DebugStringToFile
0x00007ff6cc64cd4b (Unity) ScanForAttributesAndInterfaceImplementations
0x00007ff6cc66db53 (Unity) MonoManager::SetupTypeCache
0x00007ff6cc6643e3 (Unity) MonoManager::EndReloadAssembly
0x00007ff6cc66b707 (Unity) MonoManager::ReloadAssembly
0x00007ff6cda5f361 (Unity) LoadDomainAndUserAssemblies
0x00007ff6cda5f80e (Unity) LoadUserAssemblies
0x00007ff6cded62b8 (Unity) <lambda_d5cd3abeeb3ed75489242b6b28c1fa53>::operator()
0x00007ff6cdf7a262 (Unity) asio::detail::completion_handler<core::mutable_function<void __cdecl(void)> >::do_complete
0x00007ff6cdf7c3c0 (Unity) asio::detail::win_iocp_io_service::do_one
0x00007ff6cdf7fb4e (Unity) asio::io_service::run
0x00007ff6cdf029eb (Unity) RunAssetImportWorkerClientV2
0x00007ff6cdf02a40 (Unity) RunAssetImporterV2
0x00007ff6cd3c6616 (Unity) Application::InitializeProject
0x00007ff6cdd71b22 (Unity) WinMain
0x00007ff6cfbc92b6 (Unity) __scrt_common_main_seh
0x00007ffdfc2d7034 (KERNEL32) BaseThreadInitThunk
0x00007ffdfd3426a1 (ntdll) RtlUserThreadStart

Unloading broken assembly Library/ScriptAssemblies/UnityEngine.Advertisements.Editor.dll, this assembly can cause crashes in the runtime
0x00007ff6cc837c1c (Unity) StackWalker::GetCurrentCallstack
0x00007ff6cc8402b9 (Unity) StackWalker::ShowCallstack
0x00007ff6cdd645bc (Unity) GetStacktrace
0x00007ff6cee956f3 (Unity) DebugStringToFile
0x00007ff6cc66d335 (Unity) MonoManager::SetupLoadedEditorAssemblies
0x00007ff6cc664771 (Unity) MonoManager::EndReloadAssembly
0x00007ff6cc66b707 (Unity) MonoManager::ReloadAssembly
0x00007ff6cda5f361 (Unity) LoadDomainAndUserAssemblies
0x00007ff6cda5f80e (Unity) LoadUserAssemblies
0x00007ff6cded62b8 (Unity) <lambda_d5cd3abeeb3ed75489242b6b28c1fa53>::operator()
0x00007ff6cdf7a262 (Unity) asio::detail::completion_handler<core::mutable_function<void __cdecl(void)> >::do_complete
0x00007ff6cdf7c3c0 (Unity) asio::detail::win_iocp_io_service::do_one
0x00007ff6cdf7fb4e (Unity) asio::io_service::run
0x00007ff6cdf029eb (Unity) RunAssetImportWorkerClientV2
0x00007ff6cdf02a40 (Unity) RunAssetImporterV2
0x00007ff6cd3c6616 (Unity) Application::InitializeProject
0x00007ff6cdd71b22 (Unity) WinMain
0x00007ff6cfbc92b6 (Unity) __scrt_common_main_seh
0x00007ffdfc2d7034 (KERNEL32) BaseThreadInitThunk
0x00007ffdfd3426a1 (ntdll) RtlUserThreadStart

Unloading broken assembly Library/ScriptAssemblies/Unity.Notifications.dll, this assembly can cause crashes in the runtime
0x00007ff6cc837c1c (Unity) StackWalker::GetCurrentCallstack
0x00007ff6cc8402b9 (Unity) StackWalker::ShowCallstack
0x00007ff6cdd645bc (Unity) GetStacktrace
0x00007ff6cee956f3 (Unity) DebugStringToFile
0x00007ff6cc66d335 (Unity) MonoManager::SetupLoadedEditorAssemblies
0x00007ff6cc664771 (Unity) MonoManager::EndReloadAssembly
0x00007ff6cc66b707 (Unity) MonoManager::ReloadAssembly
0x00007ff6cda5f361 (Unity) LoadDomainAndUserAssemblies
0x00007ff6cda5f80e (Unity) LoadUserAssemblies
0x00007ff6cded62b8 (Unity) <lambda_d5cd3abeeb3ed75489242b6b28c1fa53>::operator()
0x00007ff6cdf7a262 (Unity) asio::detail::completion_handler<core::mutable_function<void __cdecl(void)> >::do_complete
0x00007ff6cdf7c3c0 (Unity) asio::detail::win_iocp_io_service::do_one
0x00007ff6cdf7fb4e (Unity) asio::io_service::run
0x00007ff6cdf029eb (Unity) RunAssetImportWorkerClientV2
0x00007ff6cdf02a40 (Unity) RunAssetImporterV2
0x00007ff6cd3c6616 (Unity) Application::InitializeProject
0x00007ff6cdd71b22 (Unity) WinMain
0x00007ff6cfbc92b6 (Unity) __scrt_common_main_seh
0x00007ffdfc2d7034 (KERNEL32) BaseThreadInitThunk
0x00007ffdfd3426a1 (ntdll) RtlUserThreadStart

Native extension for WindowsStandalone target not found
Refreshing native plugins compatible for Editor in 0.52 ms, found 3 plugins.
Preloading 0 native plugins for Editor in 0.00 ms.
Mono: successfully reloaded assembly
- Completed reload, in  0.711 seconds
Domain Reload Profiling:
	ReloadAssembly (712ms)
		BeginReloadAssembly (89ms)
			ExecutionOrderSort (0ms)
			DisableScriptedObjects (4ms)
			BackupInstance (0ms)
			ReleaseScriptingObjects (0ms)
			CreateAndSetChildDomain (23ms)
		EndReloadAssembly (582ms)
			LoadAssemblies (65ms)
			RebuildTransferFunctionScriptingTraits (0ms)
			SetupTypeCache (193ms)
			ReleaseScriptCaches (1ms)
			RebuildScriptCaches (30ms)
			SetupLoadedEditorAssemblies (213ms)
				LogAssemblyErrors (1ms)
				InitializePlatformSupportModulesInManaged (3ms)
				SetLoadedEditorAssemblies (0ms)
				RefreshPlugins (1ms)
				BeforeProcessingInitializeOnLoad (46ms)
				ProcessInitializeOnLoadAttributes (148ms)
				ProcessInitializeOnLoadMethodAttributes (9ms)
				AfterProcessingInitializeOnLoad (5ms)
				EditorAssembliesLoaded (0ms)
			ExecutionOrderSort2 (0ms)
			AwakeInstancesAfterBackupRestoration (8ms)
Platform modules already initialized, skipping
Switching build target platform(19) subTarget(0) extendedPlatform(0) -> platform(9) subTarget(16777218) extendedPlatform(0)
Refreshing native plugins compatible for Editor in 0.53 ms, found 3 plugins.
Preloading 0 native plugins for Editor in 0.00 ms.
Unloading 2661 Unused Serialized files (Serialized files now loaded: 0)
System memory in use before: 113.9 MB.
System memory in use after: 114.2 MB.

Unloading 46 unused Assets to reduce memory usage. Loaded Objects now: 3130.
Total: 2.340400 ms (FindLiveObjects: 0.209600 ms CreateObjectMapping: 0.072400 ms MarkObjects: 2.033100 ms  DeleteObjects: 0.023400 ms)

AssetImportParameters requested are different than current active one (requested -> active):
  custom:framework-win-MediaFoundation: 216162199b28c13a410421893ffa2e32 -> 
  custom:video-decoder-ogg-theora: a1e56fd34408186e4bbccfd4996cb3dc -> 
  custom:container-muxer-webm: aa71ff27fc2769a1b78a27578f13a17b -> 
  custom:container-demuxer-webm: 4f35f7cbe854078d1ac9338744f61a02 -> 
  custom:container-demuxer-ogg: 62fdf1f143b41e24485cea50d1cbac27 -> 
  custom:video-encoder-webm-vp8: eb34c28f22e8b96e1ab97ce403110664 -> 
  custom:video-decoder-webm-vp8: 9c59270c3fd7afecdb556c50c9e8de78 -> 
  custom:graphics/normal-map-encoding: 01000000000000000000000000000000 -> 02000000000000000000000000000000
  custom:audio-decoder-ogg-vorbis: bf7c407c2cedff20999df2af8eb42d56 -> 
  custom:audio-encoder-webm-vorbis: bf7c407c2cedff20999df2af8eb42d56 -> 
========================================================================
Received Prepare
Registering precompiled user dll's ...
Registered in 0.002758 seconds.
Begin MonoManager ReloadAssembly
Error: Could not load signature of UnityEngine.Advertisements.Editor.PostProcessBuildPlist:PlistContainsAdNetworkId due to: Could not load file or assembly 'UnityEditor.iOS.Extensions.Xcode, Version=1.0.0.0, Culture=neutral, PublicKeyToken=null' or one of its dependencies. assembly:UnityEditor.iOS.Extensions.Xcode, Version=1.0.0.0, Culture=neutral, PublicKeyToken=null type:<unknown type> member:(null) signature:<none>
0x00007ff6cc837c1c (Unity) StackWalker::GetCurrentCallstack
0x00007ff6cc8402b9 (Unity) StackWalker::ShowCallstack
0x00007ff6cdd645bc (Unity) GetStacktrace
0x00007ff6cee956f3 (Unity) DebugStringToFile
0x00007ff6cc64cd4b (Unity) ScanForAttributesAndInterfaceImplementations
0x00007ff6cc66db53 (Unity) MonoManager::SetupTypeCache
0x00007ff6cc6643e3 (Unity) MonoManager::EndReloadAssembly
0x00007ff6cc66b707 (Unity) MonoManager::ReloadAssembly
0x00007ff6cda5f361 (Unity) LoadDomainAndUserAssemblies
0x00007ff6cda5f80e (Unity) LoadUserAssemblies
0x00007ff6cded62b8 (Unity) <lambda_d5cd3abeeb3ed75489242b6b28c1fa53>::operator()
0x00007ff6cdf7a262 (Unity) asio::detail::completion_handler<core::mutable_function<void __cdecl(void)> >::do_complete
0x00007ff6cdf7c3c0 (Unity) asio::detail::win_iocp_io_service::do_one
0x00007ff6cdf7fb4e (Unity) asio::io_service::run
0x00007ff6cdf029eb (Unity) RunAssetImportWorkerClientV2
0x00007ff6cdf02a40 (Unity) RunAssetImporterV2
0x00007ff6cd3c6616 (Unity) Application::InitializeProject
0x00007ff6cdd71b22 (Unity) WinMain
0x00007ff6cfbc92b6 (Unity) __scrt_common_main_seh
0x00007ffdfc2d7034 (KERNEL32) BaseThreadInitThunk
0x00007ffdfd3426a1 (ntdll) RtlUserThreadStart

Error: Could not load signature of iOSNotificationPostProcessor:ShouldAddSettingToPlist due to: Could not load file or assembly 'UnityEditor.iOS.Extensions.Xcode, Version=1.0.0.0, Culture=neutral, PublicKeyToken=null' or one of its dependencies. assembly:UnityEditor.iOS.Extensions.Xcode, Version=1.0.0.0, Culture=neutral, PublicKeyToken=null type:<unknown type> member:(null) signature:<none>
0x00007ff6cc837c1c (Unity) StackWalker::GetCurrentCallstack
0x00007ff6cc8402b9 (Unity) StackWalker::ShowCallstack
0x00007ff6cdd645bc (Unity) GetStacktrace
0x00007ff6cee956f3 (Unity) DebugStringToFile
0x00007ff6cc64cd4b (Unity) ScanForAttributesAndInterfaceImplementations
0x00007ff6cc66db53 (Unity) MonoManager::SetupTypeCache
0x00007ff6cc6643e3 (Unity) MonoManager::EndReloadAssembly
0x00007ff6cc66b707 (Unity) MonoManager::ReloadAssembly
0x00007ff6cda5f361 (Unity) LoadDomainAndUserAssemblies
0x00007ff6cda5f80e (Unity) LoadUserAssemblies
0x00007ff6cded62b8 (Unity) <lambda_d5cd3abeeb3ed75489242b6b28c1fa53>::operator()
0x00007ff6cdf7a262 (Unity) asio::detail::completion_handler<core::mutable_function<void __cdecl(void)> >::do_complete
0x00007ff6cdf7c3c0 (Unity) asio::detail::win_iocp_io_service::do_one
0x00007ff6cdf7fb4e (Unity) asio::io_service::run
0x00007ff6cdf029eb (Unity) RunAssetImportWorkerClientV2
0x00007ff6cdf02a40 (Unity) RunAssetImporterV2
0x00007ff6cd3c6616 (Unity) Application::InitializeProject
0x00007ff6cdd71b22 (Unity) WinMain
0x00007ff6cfbc92b6 (Unity) __scrt_common_main_seh
0x00007ffdfc2d7034 (KERNEL32) BaseThreadInitThunk
0x00007ffdfd3426a1 (ntdll) RtlUserThreadStart

Unloading broken assembly Library/ScriptAssemblies/UnityEngine.Advertisements.Editor.dll, this assembly can cause crashes in the runtime
0x00007ff6cc837c1c (Unity) StackWalker::GetCurrentCallstack
0x00007ff6cc8402b9 (Unity) StackWalker::ShowCallstack
0x00007ff6cdd645bc (Unity) GetStacktrace
0x00007ff6cee956f3 (Unity) DebugStringToFile
0x00007ff6cc66d335 (Unity) MonoManager::SetupLoadedEditorAssemblies
0x00007ff6cc664771 (Unity) MonoManager::EndReloadAssembly
0x00007ff6cc66b707 (Unity) MonoManager::ReloadAssembly
0x00007ff6cda5f361 (Unity) LoadDomainAndUserAssemblies
0x00007ff6cda5f80e (Unity) LoadUserAssemblies
0x00007ff6cded62b8 (Unity) <lambda_d5cd3abeeb3ed75489242b6b28c1fa53>::operator()
0x00007ff6cdf7a262 (Unity) asio::detail::completion_handler<core::mutable_function<void __cdecl(void)> >::do_complete
0x00007ff6cdf7c3c0 (Unity) asio::detail::win_iocp_io_service::do_one
0x00007ff6cdf7fb4e (Unity) asio::io_service::run
0x00007ff6cdf029eb (Unity) RunAssetImportWorkerClientV2
0x00007ff6cdf02a40 (Unity) RunAssetImporterV2
0x00007ff6cd3c6616 (Unity) Application::InitializeProject
0x00007ff6cdd71b22 (Unity) WinMain
0x00007ff6cfbc92b6 (Unity) __scrt_common_main_seh
0x00007ffdfc2d7034 (KERNEL32) BaseThreadInitThunk
0x00007ffdfd3426a1 (ntdll) RtlUserThreadStart

Unloading broken assembly Library/ScriptAssemblies/Unity.Notifications.dll, this assembly can cause crashes in the runtime
0x00007ff6cc837c1c (Unity) StackWalker::GetCurrentCallstack
0x00007ff6cc8402b9 (Unity) StackWalker::ShowCallstack
0x00007ff6cdd645bc (Unity) GetStacktrace
0x00007ff6cee956f3 (Unity) DebugStringToFile
0x00007ff6cc66d335 (Unity) MonoManager::SetupLoadedEditorAssemblies
0x00007ff6cc664771 (Unity) MonoManager::EndReloadAssembly
0x00007ff6cc66b707 (Unity) MonoManager::ReloadAssembly
0x00007ff6cda5f361 (Unity) LoadDomainAndUserAssemblies
0x00007ff6cda5f80e (Unity) LoadUserAssemblies
0x00007ff6cded62b8 (Unity) <lambda_d5cd3abeeb3ed75489242b6b28c1fa53>::operator()
0x00007ff6cdf7a262 (Unity) asio::detail::completion_handler<core::mutable_function<void __cdecl(void)> >::do_complete
0x00007ff6cdf7c3c0 (Unity) asio::detail::win_iocp_io_service::do_one
0x00007ff6cdf7fb4e (Unity) asio::io_service::run
0x00007ff6cdf029eb (Unity) RunAssetImportWorkerClientV2
0x00007ff6cdf02a40 (Unity) RunAssetImporterV2
0x00007ff6cd3c6616 (Unity) Application::InitializeProject
0x00007ff6cdd71b22 (Unity) WinMain
0x00007ff6cfbc92b6 (Unity) __scrt_common_main_seh
0x00007ffdfc2d7034 (KERNEL32) BaseThreadInitThunk
0x00007ffdfd3426a1 (ntdll) RtlUserThreadStart

Native extension for WindowsStandalone target not found
Refreshing native plugins compatible for Editor in 0.53 ms, found 3 plugins.
Preloading 0 native plugins for Editor in 0.00 ms.
Mono: successfully reloaded assembly
- Completed reload, in  0.693 seconds
Domain Reload Profiling:
	ReloadAssembly (694ms)
		BeginReloadAssembly (85ms)
			ExecutionOrderSort (0ms)
			DisableScriptedObjects (4ms)
			BackupInstance (0ms)
			ReleaseScriptingObjects (0ms)
			CreateAndSetChildDomain (23ms)
		EndReloadAssembly (570ms)
			LoadAssemblies (60ms)
			RebuildTransferFunctionScriptingTraits (0ms)
			SetupTypeCache (182ms)
			ReleaseScriptCaches (1ms)
			RebuildScriptCaches (29ms)
			SetupLoadedEditorAssemblies (209ms)
				LogAssemblyErrors (1ms)
				InitializePlatformSupportModulesInManaged (3ms)
				SetLoadedEditorAssemblies (0ms)
				RefreshPlugins (1ms)
				BeforeProcessingInitializeOnLoad (45ms)
				ProcessInitializeOnLoadAttributes (145ms)
				ProcessInitializeOnLoadMethodAttributes (10ms)
				AfterProcessingInitializeOnLoad (4ms)
				EditorAssembliesLoaded (0ms)
			ExecutionOrderSort2 (0ms)
			AwakeInstancesAfterBackupRestoration (9ms)
Platform modules already initialized, skipping
Switching build target platform(19) subTarget(0) extendedPlatform(0) -> platform(9) subTarget(16777218) extendedPlatform(0)
Refreshing native plugins compatible for Editor in 0.56 ms, found 3 plugins.
Preloading 0 native plugins for Editor in 0.00 ms.
Unloading 2661 Unused Serialized files (Serialized files now loaded: 0)
System memory in use before: 114.0 MB.
System memory in use after: 114.2 MB.

Unloading 46 unused Assets to reduce memory usage. Loaded Objects now: 3132.
Total: 2.143400 ms (FindLiveObjects: 0.170200 ms CreateObjectMapping: 0.065400 ms MarkObjects: 1.889400 ms  DeleteObjects: 0.017800 ms)

AssetImportParameters requested are different than current active one (requested -> active):
  custom:framework-win-MediaFoundation: 216162199b28c13a410421893ffa2e32 -> 
  custom:video-decoder-ogg-theora: a1e56fd34408186e4bbccfd4996cb3dc -> 
  custom:container-muxer-webm: aa71ff27fc2769a1b78a27578f13a17b -> 
  custom:container-demuxer-webm: 4f35f7cbe854078d1ac9338744f61a02 -> 
  custom:container-demuxer-ogg: 62fdf1f143b41e24485cea50d1cbac27 -> 
  custom:video-encoder-webm-vp8: eb34c28f22e8b96e1ab97ce403110664 -> 
  custom:video-decoder-webm-vp8: 9c59270c3fd7afecdb556c50c9e8de78 -> 
  custom:graphics/normal-map-encoding: 01000000000000000000000000000000 -> 02000000000000000000000000000000
  custom:audio-decoder-ogg-vorbis: bf7c407c2cedff20999df2af8eb42d56 -> 
  custom:audio-encoder-webm-vorbis: bf7c407c2cedff20999df2af8eb42d56 -> 
========================================================================
Received Prepare
Registering precompiled user dll's ...
Registered in 0.002860 seconds.
Begin MonoManager ReloadAssembly
Error: Could not load signature of UnityEngine.Advertisements.Editor.PostProcessBuildPlist:PlistContainsAdNetworkId due to: Could not load file or assembly 'UnityEditor.iOS.Extensions.Xcode, Version=1.0.0.0, Culture=neutral, PublicKeyToken=null' or one of its dependencies. assembly:UnityEditor.iOS.Extensions.Xcode, Version=1.0.0.0, Culture=neutral, PublicKeyToken=null type:<unknown type> member:(null) signature:<none>
0x00007ff6cc837c1c (Unity) StackWalker::GetCurrentCallstack
0x00007ff6cc8402b9 (Unity) StackWalker::ShowCallstack
0x00007ff6cdd645bc (Unity) GetStacktrace
0x00007ff6cee956f3 (Unity) DebugStringToFile
0x00007ff6cc64cd4b (Unity) ScanForAttributesAndInterfaceImplementations
0x00007ff6cc66db53 (Unity) MonoManager::SetupTypeCache
0x00007ff6cc6643e3 (Unity) MonoManager::EndReloadAssembly
0x00007ff6cc66b707 (Unity) MonoManager::ReloadAssembly
0x00007ff6cda5f361 (Unity) LoadDomainAndUserAssemblies
0x00007ff6cda5f80e (Unity) LoadUserAssemblies
0x00007ff6cded62b8 (Unity) <lambda_d5cd3abeeb3ed75489242b6b28c1fa53>::operator()
0x00007ff6cdf7a262 (Unity) asio::detail::completion_handler<core::mutable_function<void __cdecl(void)> >::do_complete
0x00007ff6cdf7c3c0 (Unity) asio::detail::win_iocp_io_service::do_one
0x00007ff6cdf7fb4e (Unity) asio::io_service::run
0x00007ff6cdf029eb (Unity) RunAssetImportWorkerClientV2
0x00007ff6cdf02a40 (Unity) RunAssetImporterV2
0x00007ff6cd3c6616 (Unity) Application::InitializeProject
0x00007ff6cdd71b22 (Unity) WinMain
0x00007ff6cfbc92b6 (Unity) __scrt_common_main_seh
0x00007ffdfc2d7034 (KERNEL32) BaseThreadInitThunk
0x00007ffdfd3426a1 (ntdll) RtlUserThreadStart

Error: Could not load signature of iOSNotificationPostProcessor:ShouldAddSettingToPlist due to: Could not load file or assembly 'UnityEditor.iOS.Extensions.Xcode, Version=1.0.0.0, Culture=neutral, PublicKeyToken=null' or one of its dependencies. assembly:UnityEditor.iOS.Extensions.Xcode, Version=1.0.0.0, Culture=neutral, PublicKeyToken=null type:<unknown type> member:(null) signature:<none>
0x00007ff6cc837c1c (Unity) StackWalker::GetCurrentCallstack
0x00007ff6cc8402b9 (Unity) StackWalker::ShowCallstack
0x00007ff6cdd645bc (Unity) GetStacktrace
0x00007ff6cee956f3 (Unity) DebugStringToFile
0x00007ff6cc64cd4b (Unity) ScanForAttributesAndInterfaceImplementations
0x00007ff6cc66db53 (Unity) MonoManager::SetupTypeCache
0x00007ff6cc6643e3 (Unity) MonoManager::EndReloadAssembly
0x00007ff6cc66b707 (Unity) MonoManager::ReloadAssembly
0x00007ff6cda5f361 (Unity) LoadDomainAndUserAssemblies
0x00007ff6cda5f80e (Unity) LoadUserAssemblies
0x00007ff6cded62b8 (Unity) <lambda_d5cd3abeeb3ed75489242b6b28c1fa53>::operator()
0x00007ff6cdf7a262 (Unity) asio::detail::completion_handler<core::mutable_function<void __cdecl(void)> >::do_complete
0x00007ff6cdf7c3c0 (Unity) asio::detail::win_iocp_io_service::do_one
0x00007ff6cdf7fb4e (Unity) asio::io_service::run
0x00007ff6cdf029eb (Unity) RunAssetImportWorkerClientV2
0x00007ff6cdf02a40 (Unity) RunAssetImporterV2
0x00007ff6cd3c6616 (Unity) Application::InitializeProject
0x00007ff6cdd71b22 (Unity) WinMain
0x00007ff6cfbc92b6 (Unity) __scrt_common_main_seh
0x00007ffdfc2d7034 (KERNEL32) BaseThreadInitThunk
0x00007ffdfd3426a1 (ntdll) RtlUserThreadStart

Unloading broken assembly Library/ScriptAssemblies/UnityEngine.Advertisements.Editor.dll, this assembly can cause crashes in the runtime
0x00007ff6cc837c1c (Unity) StackWalker::GetCurrentCallstack
0x00007ff6cc8402b9 (Unity) StackWalker::ShowCallstack
0x00007ff6cdd645bc (Unity) GetStacktrace
0x00007ff6cee956f3 (Unity) DebugStringToFile
0x00007ff6cc66d335 (Unity) MonoManager::SetupLoadedEditorAssemblies
0x00007ff6cc664771 (Unity) MonoManager::EndReloadAssembly
0x00007ff6cc66b707 (Unity) MonoManager::ReloadAssembly
0x00007ff6cda5f361 (Unity) LoadDomainAndUserAssemblies
0x00007ff6cda5f80e (Unity) LoadUserAssemblies
0x00007ff6cded62b8 (Unity) <lambda_d5cd3abeeb3ed75489242b6b28c1fa53>::operator()
0x00007ff6cdf7a262 (Unity) asio::detail::completion_handler<core::mutable_function<void __cdecl(void)> >::do_complete
0x00007ff6cdf7c3c0 (Unity) asio::detail::win_iocp_io_service::do_one
0x00007ff6cdf7fb4e (Unity) asio::io_service::run
0x00007ff6cdf029eb (Unity) RunAssetImportWorkerClientV2
0x00007ff6cdf02a40 (Unity) RunAssetImporterV2
0x00007ff6cd3c6616 (Unity) Application::InitializeProject
0x00007ff6cdd71b22 (Unity) WinMain
0x00007ff6cfbc92b6 (Unity) __scrt_common_main_seh
0x00007ffdfc2d7034 (KERNEL32) BaseThreadInitThunk
0x00007ffdfd3426a1 (ntdll) RtlUserThreadStart

Unloading broken assembly Library/ScriptAssemblies/Unity.Notifications.dll, this assembly can cause crashes in the runtime
0x00007ff6cc837c1c (Unity) StackWalker::GetCurrentCallstack
0x00007ff6cc8402b9 (Unity) StackWalker::ShowCallstack
0x00007ff6cdd645bc (Unity) GetStacktrace
0x00007ff6cee956f3 (Unity) DebugStringToFile
0x00007ff6cc66d335 (Unity) MonoManager::SetupLoadedEditorAssemblies
0x00007ff6cc664771 (Unity) MonoManager::EndReloadAssembly
0x00007ff6cc66b707 (Unity) MonoManager::ReloadAssembly
0x00007ff6cda5f361 (Unity) LoadDomainAndUserAssemblies
0x00007ff6cda5f80e (Unity) LoadUserAssemblies
0x00007ff6cded62b8 (Unity) <lambda_d5cd3abeeb3ed75489242b6b28c1fa53>::operator()
0x00007ff6cdf7a262 (Unity) asio::detail::completion_handler<core::mutable_function<void __cdecl(void)> >::do_complete
0x00007ff6cdf7c3c0 (Unity) asio::detail::win_iocp_io_service::do_one
0x00007ff6cdf7fb4e (Unity) asio::io_service::run
0x00007ff6cdf029eb (Unity) RunAssetImportWorkerClientV2
0x00007ff6cdf02a40 (Unity) RunAssetImporterV2
0x00007ff6cd3c6616 (Unity) Application::InitializeProject
0x00007ff6cdd71b22 (Unity) WinMain
0x00007ff6cfbc92b6 (Unity) __scrt_common_main_seh
0x00007ffdfc2d7034 (KERNEL32) BaseThreadInitThunk
0x00007ffdfd3426a1 (ntdll) RtlUserThreadStart

Native extension for WindowsStandalone target not found
Refreshing native plugins compatible for Editor in 0.55 ms, found 3 plugins.
Preloading 0 native plugins for Editor in 0.00 ms.
Mono: successfully reloaded assembly
- Completed reload, in  0.718 seconds
Domain Reload Profiling:
	ReloadAssembly (719ms)
		BeginReloadAssembly (87ms)
			ExecutionOrderSort (0ms)
			DisableScriptedObjects (4ms)
			BackupInstance (0ms)
			ReleaseScriptingObjects (0ms)
			CreateAndSetChildDomain (25ms)
		EndReloadAssembly (591ms)
			LoadAssemblies (63ms)
			RebuildTransferFunctionScriptingTraits (0ms)
			SetupTypeCache (191ms)
			ReleaseScriptCaches (1ms)
			RebuildScriptCaches (31ms)
			SetupLoadedEditorAssemblies (223ms)
				LogAssemblyErrors (1ms)
				InitializePlatformSupportModulesInManaged (3ms)
				SetLoadedEditorAssemblies (0ms)
				RefreshPlugins (1ms)
				BeforeProcessingInitializeOnLoad (48ms)
				ProcessInitializeOnLoadAttributes (156ms)
				ProcessInitializeOnLoadMethodAttributes (9ms)
				AfterProcessingInitializeOnLoad (4ms)
				EditorAssembliesLoaded (0ms)
			ExecutionOrderSort2 (0ms)
			AwakeInstancesAfterBackupRestoration (6ms)
Platform modules already initialized, skipping
Switching build target platform(19) subTarget(0) extendedPlatform(0) -> platform(9) subTarget(16777218) extendedPlatform(0)
Refreshing native plugins compatible for Editor in 0.54 ms, found 3 plugins.
Preloading 0 native plugins for Editor in 0.00 ms.
Unloading 2661 Unused Serialized files (Serialized files now loaded: 0)
System memory in use before: 114.0 MB.
System memory in use after: 114.2 MB.

Unloading 46 unused Assets to reduce memory usage. Loaded Objects now: 3134.
Total: 2.139400 ms (FindLiveObjects: 0.160800 ms CreateObjectMapping: 0.060400 ms MarkObjects: 1.899900 ms  DeleteObjects: 0.017500 ms)

AssetImportParameters requested are different than current active one (requested -> active):
  custom:framework-win-MediaFoundation: 216162199b28c13a410421893ffa2e32 -> 
  custom:video-decoder-ogg-theora: a1e56fd34408186e4bbccfd4996cb3dc -> 
  custom:container-muxer-webm: aa71ff27fc2769a1b78a27578f13a17b -> 
  custom:container-demuxer-webm: 4f35f7cbe854078d1ac9338744f61a02 -> 
  custom:container-demuxer-ogg: 62fdf1f143b41e24485cea50d1cbac27 -> 
  custom:video-encoder-webm-vp8: eb34c28f22e8b96e1ab97ce403110664 -> 
  custom:video-decoder-webm-vp8: 9c59270c3fd7afecdb556c50c9e8de78 -> 
  custom:graphics/normal-map-encoding: 01000000000000000000000000000000 -> 02000000000000000000000000000000
  custom:audio-decoder-ogg-vorbis: bf7c407c2cedff20999df2af8eb42d56 -> 
  custom:audio-encoder-webm-vorbis: bf7c407c2cedff20999df2af8eb42d56 -> 
========================================================================
Received Import Request.
  Time since last request: 449.804639 seconds.
  path: Assets/StatsCalc.cs
  artifactKey: Guid(201244e959d51524796596364939975b) Importer(815301076,1909f56bfc062723c751e8b465ee728b)
Start importing Assets/StatsCalc.cs using Guid(201244e959d51524796596364939975b) Importer(815301076,1909f56bfc062723c751e8b465ee728b)  -> (artifact id: '6a7cd29ad079ffcb93fa83654bbeeca1') in 0.039947 seconds 
  Import took 0.043260 seconds .

========================================================================
Received Import Request.
  Time since last request: 2.091021 seconds.
  path: Assets/StatsText.cs
  artifactKey: Guid(a7813e5caa3537546b7d339d83226c5c) Importer(815301076,1909f56bfc062723c751e8b465ee728b)
Start importing Assets/StatsText.cs using Guid(a7813e5caa3537546b7d339d83226c5c) Importer(815301076,1909f56bfc062723c751e8b465ee728b)  -> (artifact id: '8b804c44398e1037647caf23e07bc83c') in 0.004432 seconds 
  Import took 0.014517 seconds .

========================================================================
Received Import Request.
  Time since last request: 1.121000 seconds.
  path: Assets/AboutGoBack.cs
  artifactKey: Guid(f8f3df21acbb1a540be4087f5f4b3cf6) Importer(815301076,1909f56bfc062723c751e8b465ee728b)
Start importing Assets/AboutGoBack.cs using Guid(f8f3df21acbb1a540be4087f5f4b3cf6) Importer(815301076,1909f56bfc062723c751e8b465ee728b)  -> (artifact id: '6f75b953018f6956e78ece424fcab872') in 0.007044 seconds 
  Import took 0.010466 seconds .

========================================================================
Received Import Request.
  Time since last request: 9.447372 seconds.
  path: Assets/About.unity
  artifactKey: Guid(ab3276b24f11426468a1df2dc1a8abba) Importer(815301076,1909f56bfc062723c751e8b465ee728b)
Start importing Assets/About.unity using Guid(ab3276b24f11426468a1df2dc1a8abba) Importer(815301076,1909f56bfc062723c751e8b465ee728b)  -> (artifact id: '63afb466cae72611710318c871d64f83') in 0.009867 seconds 
  Import took 0.013368 seconds .

========================================================================
Received Prepare
Refreshing native plugins compatible for Editor in 7.60 ms, found 3 plugins.
Preloading 0 native plugins for Editor in 0.00 ms.
Unloading 43 Unused Serialized files (Serialized files now loaded: 0)
System memory in use before: 63.2 MB.
System memory in use after: 63.4 MB.

Unloading 43 unused Assets to reduce memory usage. Loaded Objects now: 3134.
Total: 2.743800 ms (FindLiveObjects: 0.174100 ms CreateObjectMapping: 0.074700 ms MarkObjects: 2.464900 ms  DeleteObjects: 0.029200 ms)

AssetImportParameters requested are different than current active one (requested -> active):
  custom:framework-win-MediaFoundation: 216162199b28c13a410421893ffa2e32 -> 
  custom:video-decoder-ogg-theora: a1e56fd34408186e4bbccfd4996cb3dc -> 
  custom:container-muxer-webm: aa71ff27fc2769a1b78a27578f13a17b -> 
  custom:container-demuxer-webm: 4f35f7cbe854078d1ac9338744f61a02 -> 
  custom:container-demuxer-ogg: 62fdf1f143b41e24485cea50d1cbac27 -> 
  custom:video-encoder-webm-vp8: eb34c28f22e8b96e1ab97ce403110664 -> 
  custom:video-decoder-webm-vp8: 9c59270c3fd7afecdb556c50c9e8de78 -> 
  custom:audio-decoder-ogg-vorbis: bf7c407c2cedff20999df2af8eb42d56 -> 
  custom:audio-encoder-webm-vorbis: bf7c407c2cedff20999df2af8eb42d56 -> 
AssetImportWorkerClient::OnTransportError - code=2 error=End of file
