Using pre-set license
Built from '2020.3/staging' branch; Version is '2020.3.20f1 (41c4e627c95f) revision 4310246'; Using compiler version '192528614'; Build Type 'Release'
OS: 'Windows 10 Home; OS build 19043.2006; Version 2009; 64bit' Language: 'en' Physical Memory: 16281 MB
BatchMode: 1, IsHumanControllingUs: 0, StartBugReporterOnCrash: 0, Is64bit: 1, IsPro: 0

COMMAND LINE ARGUMENTS:
C:\Program Files\Unity\Hub\Editor\2020.3.20f1\Editor\Unity.exe
-adb2
-batchMode
-noUpm
-name
AssetImportWorker0
-projectPath
C:/Users/Dylan/Desktop/Rocket Squared Saves/Rocket Squared Save 10.9.22
-logFile
Logs/AssetImportWorker0.log
-srvPort
58941
Successfully changed project path to: C:/Users/Dylan/Desktop/Rocket Squared Saves/Rocket Squared Save 10.9.22
C:/Users/Dylan/Desktop/Rocket Squared Saves/Rocket Squared Save 10.9.22
Using Asset Import Pipeline V2.
Refreshing native plugins compatible for Editor in 47.48 ms, found 3 plugins.
Preloading 0 native plugins for Editor in 0.00 ms.
Initialize engine version: 2020.3.20f1 (41c4e627c95f)
[Subsystems] Discovering subsystems at path C:/Program Files/Unity/Hub/Editor/2020.3.20f1/Editor/Data/Resources/UnitySubsystems
[Subsystems] Discovering subsystems at path C:/Users/Dylan/Desktop/Rocket Squared Saves/Rocket Squared Save 10.9.22/Assets
GfxDevice: creating device client; threaded=0
Direct3D:
    Version:  Direct3D 11.0 [level 11.1]
    Renderer: NVIDIA GeForce RTX 3070 (ID=0x2484)
    Vendor:   
    VRAM:     8043 MB
    Driver:   31.0.15.1659
Initialize mono
Mono path[0] = 'C:/Program Files/Unity/Hub/Editor/2020.3.20f1/Editor/Data/Managed'
Mono path[1] = 'C:/Program Files/Unity/Hub/Editor/2020.3.20f1/Editor/Data/MonoBleedingEdge/lib/mono/unityjit'
Mono config path = 'C:/Program Files/Unity/Hub/Editor/2020.3.20f1/Editor/Data/MonoBleedingEdge/etc'
Using monoOptions --debugger-agent=transport=dt_socket,embedding=1,server=y,suspend=n,address=127.0.0.1:56528
Begin MonoManager ReloadAssembly
Registering precompiled unity dll's ...
Register platform support module: C:/Program Files/Unity/Hub/Editor/2020.3.20f1/Editor/Data/PlaybackEngines/WindowsStandaloneSupport/UnityEditor.WindowsStandalone.Extensions.dll
Registered in 0.001328 seconds.
Native extension for WindowsStandalone target not found
Refreshing native plugins compatible for Editor in 47.71 ms, found 3 plugins.
Preloading 0 native plugins for Editor in 0.00 ms.
Mono: successfully reloaded assembly
- Completed reload, in  0.765 seconds
Domain Reload Profiling:
	ReloadAssembly (766ms)
		BeginReloadAssembly (38ms)
			ExecutionOrderSort (0ms)
			DisableScriptedObjects (0ms)
			BackupInstance (0ms)
			ReleaseScriptingObjects (0ms)
			CreateAndSetChildDomain (0ms)
		EndReloadAssembly (302ms)
			LoadAssemblies (37ms)
			RebuildTransferFunctionScriptingTraits (0ms)
			SetupTypeCache (96ms)
			ReleaseScriptCaches (0ms)
			RebuildScriptCaches (20ms)
			SetupLoadedEditorAssemblies (136ms)
				LogAssemblyErrors (0ms)
				InitializePlatformSupportModulesInManaged (3ms)
				SetLoadedEditorAssemblies (0ms)
				RefreshPlugins (48ms)
				BeforeProcessingInitializeOnLoad (8ms)
				ProcessInitializeOnLoadAttributes (58ms)
				ProcessInitializeOnLoadMethodAttributes (20ms)
				AfterProcessingInitializeOnLoad (0ms)
				EditorAssembliesLoaded (0ms)
			ExecutionOrderSort2 (0ms)
			AwakeInstancesAfterBackupRestoration (0ms)
Platform modules already initialized, skipping
Registering precompiled user dll's ...
Registered in 0.003110 seconds.
Begin MonoManager ReloadAssembly
Error: Could not load signature of UnityEngine.Advertisements.Editor.PostProcessBuildPlist:PlistContainsAdNetworkId due to: Could not load file or assembly 'UnityEditor.iOS.Extensions.Xcode, Version=1.0.0.0, Culture=neutral, PublicKeyToken=null' or one of its dependencies. assembly:UnityEditor.iOS.Extensions.Xcode, Version=1.0.0.0, Culture=neutral, PublicKeyToken=null type:<unknown type> member:(null) signature:<none>
0x00007ff6cc837c1c (Unity) StackWalker::GetCurrentCallstack
0x00007ff6cc8402b9 (Unity) StackWalker::ShowCallstack
0x00007ff6cdd645bc (Unity) GetStacktrace
0x00007ff6cee956f3 (Unity) DebugStringToFile
0x00007ff6cc64cd4b (Unity) ScanForAttributesAndInterfaceImplementations
0x00007ff6cc66db53 (Unity) MonoManager::SetupTypeCache
0x00007ff6cc6643e3 (Unity) MonoManager::EndReloadAssembly
0x00007ff6cc66b707 (Unity) MonoManager::ReloadAssembly
0x00007ff6cda5f361 (Unity) LoadDomainAndUserAssemblies
0x00007ff6cda5f80e (Unity) LoadUserAssemblies
0x00007ff6cd3c6611 (Unity) Application::InitializeProject
0x00007ff6cdd71b22 (Unity) WinMain
0x00007ff6cfbc92b6 (Unity) __scrt_common_main_seh
0x00007ffdfc2d7034 (KERNEL32) BaseThreadInitThunk
0x00007ffdfd3426a1 (ntdll) RtlUserThreadStart

Error: Could not load signature of iOSNotificationPostProcessor:ShouldAddSettingToPlist due to: Could not load file or assembly 'UnityEditor.iOS.Extensions.Xcode, Version=1.0.0.0, Culture=neutral, PublicKeyToken=null' or one of its dependencies. assembly:UnityEditor.iOS.Extensions.Xcode, Version=1.0.0.0, Culture=neutral, PublicKeyToken=null type:<unknown type> member:(null) signature:<none>
0x00007ff6cc837c1c (Unity) StackWalker::GetCurrentCallstack
0x00007ff6cc8402b9 (Unity) StackWalker::ShowCallstack
0x00007ff6cdd645bc (Unity) GetStacktrace
0x00007ff6cee956f3 (Unity) DebugStringToFile
0x00007ff6cc64cd4b (Unity) ScanForAttributesAndInterfaceImplementations
0x00007ff6cc66db53 (Unity) MonoManager::SetupTypeCache
0x00007ff6cc6643e3 (Unity) MonoManager::EndReloadAssembly
0x00007ff6cc66b707 (Unity) MonoManager::ReloadAssembly
0x00007ff6cda5f361 (Unity) LoadDomainAndUserAssemblies
0x00007ff6cda5f80e (Unity) LoadUserAssemblies
0x00007ff6cd3c6611 (Unity) Application::InitializeProject
0x00007ff6cdd71b22 (Unity) WinMain
0x00007ff6cfbc92b6 (Unity) __scrt_common_main_seh
0x00007ffdfc2d7034 (KERNEL32) BaseThreadInitThunk
0x00007ffdfd3426a1 (ntdll) RtlUserThreadStart

Unloading broken assembly Library/ScriptAssemblies/UnityEngine.Advertisements.Editor.dll, this assembly can cause crashes in the runtime
0x00007ff6cc837c1c (Unity) StackWalker::GetCurrentCallstack
0x00007ff6cc8402b9 (Unity) StackWalker::ShowCallstack
0x00007ff6cdd645bc (Unity) GetStacktrace
0x00007ff6cee956f3 (Unity) DebugStringToFile
0x00007ff6cc66d335 (Unity) MonoManager::SetupLoadedEditorAssemblies
0x00007ff6cc664771 (Unity) MonoManager::EndReloadAssembly
0x00007ff6cc66b707 (Unity) MonoManager::ReloadAssembly
0x00007ff6cda5f361 (Unity) LoadDomainAndUserAssemblies
0x00007ff6cda5f80e (Unity) LoadUserAssemblies
0x00007ff6cd3c6611 (Unity) Application::InitializeProject
0x00007ff6cdd71b22 (Unity) WinMain
0x00007ff6cfbc92b6 (Unity) __scrt_common_main_seh
0x00007ffdfc2d7034 (KERNEL32) BaseThreadInitThunk
0x00007ffdfd3426a1 (ntdll) RtlUserThreadStart

Unloading broken assembly Library/ScriptAssemblies/Unity.Notifications.dll, this assembly can cause crashes in the runtime
0x00007ff6cc837c1c (Unity) StackWalker::GetCurrentCallstack
0x00007ff6cc8402b9 (Unity) StackWalker::ShowCallstack
0x00007ff6cdd645bc (Unity) GetStacktrace
0x00007ff6cee956f3 (Unity) DebugStringToFile
0x00007ff6cc66d335 (Unity) MonoManager::SetupLoadedEditorAssemblies
0x00007ff6cc664771 (Unity) MonoManager::EndReloadAssembly
0x00007ff6cc66b707 (Unity) MonoManager::ReloadAssembly
0x00007ff6cda5f361 (Unity) LoadDomainAndUserAssemblies
0x00007ff6cda5f80e (Unity) LoadUserAssemblies
0x00007ff6cd3c6611 (Unity) Application::InitializeProject
0x00007ff6cdd71b22 (Unity) WinMain
0x00007ff6cfbc92b6 (Unity) __scrt_common_main_seh
0x00007ffdfc2d7034 (KERNEL32) BaseThreadInitThunk
0x00007ffdfd3426a1 (ntdll) RtlUserThreadStart

Native extension for WindowsStandalone target not found
Refreshing native plugins compatible for Editor in 51.95 ms, found 3 plugins.
Preloading 0 native plugins for Editor in 0.00 ms.
Mono: successfully reloaded assembly
- Completed reload, in  1.099 seconds
Domain Reload Profiling:
	ReloadAssembly (1100ms)
		BeginReloadAssembly (100ms)
			ExecutionOrderSort (0ms)
			DisableScriptedObjects (3ms)
			BackupInstance (0ms)
			ReleaseScriptingObjects (0ms)
			CreateAndSetChildDomain (13ms)
		EndReloadAssembly (956ms)
			LoadAssemblies (68ms)
			RebuildTransferFunctionScriptingTraits (0ms)
			SetupTypeCache (478ms)
			ReleaseScriptCaches (0ms)
			RebuildScriptCaches (38ms)
			SetupLoadedEditorAssemblies (294ms)
				LogAssemblyErrors (1ms)
				InitializePlatformSupportModulesInManaged (3ms)
				SetLoadedEditorAssemblies (0ms)
				RefreshPlugins (52ms)
				BeforeProcessingInitializeOnLoad (63ms)
				ProcessInitializeOnLoadAttributes (157ms)
				ProcessInitializeOnLoadMethodAttributes (14ms)
				AfterProcessingInitializeOnLoad (4ms)
				EditorAssembliesLoaded (0ms)
			ExecutionOrderSort2 (0ms)
			AwakeInstancesAfterBackupRestoration (4ms)
Platform modules already initialized, skipping
========================================================================
Worker process is ready to serve import requests
Launched and connected shader compiler UnityShaderCompiler.exe after 0.02 seconds
Refreshing native plugins compatible for Editor in 0.54 ms, found 3 plugins.
Preloading 0 native plugins for Editor in 0.00 ms.
Unloading 2711 Unused Serialized files (Serialized files now loaded: 0)
System memory in use before: 119.3 MB.
System memory in use after: 119.5 MB.

Unloading 57 unused Assets to reduce memory usage. Loaded Objects now: 3124.
Total: 2.465700 ms (FindLiveObjects: 0.216200 ms CreateObjectMapping: 0.090400 ms MarkObjects: 2.077900 ms  DeleteObjects: 0.079900 ms)

AssetImportParameters requested are different than current active one (requested -> active):
  custom:framework-win-MediaFoundation: 216162199b28c13a410421893ffa2e32 -> 
  custom:video-decoder-ogg-theora: a1e56fd34408186e4bbccfd4996cb3dc -> 
  custom:container-muxer-webm: aa71ff27fc2769a1b78a27578f13a17b -> 
  custom:container-demuxer-webm: 4f35f7cbe854078d1ac9338744f61a02 -> 
  custom:container-demuxer-ogg: 62fdf1f143b41e24485cea50d1cbac27 -> 
  custom:video-encoder-webm-vp8: eb34c28f22e8b96e1ab97ce403110664 -> 
  custom:video-decoder-webm-vp8: 9c59270c3fd7afecdb556c50c9e8de78 -> 
  custom:audio-decoder-ogg-vorbis: bf7c407c2cedff20999df2af8eb42d56 -> 
  custom:audio-encoder-webm-vorbis: bf7c407c2cedff20999df2af8eb42d56 -> 
========================================================================
Received Import Request.
  path: Assets/SpawnEnemies.cs
  artifactKey: Guid(87acc34583d8a914cba526ffd33573fb) Importer(815301076,1909f56bfc062723c751e8b465ee728b)
Start importing Assets/SpawnEnemies.cs using Guid(87acc34583d8a914cba526ffd33573fb) Importer(815301076,1909f56bfc062723c751e8b465ee728b)  -> (artifact id: '518d9a2f8eea3e8b9bc953d7ca871089') in 0.037690 seconds 
  Import took 0.042751 seconds .

========================================================================
Received Prepare
Registering precompiled user dll's ...
Registered in 0.002668 seconds.
Begin MonoManager ReloadAssembly
Error: Could not load signature of UnityEngine.Advertisements.Editor.PostProcessBuildPlist:PlistContainsAdNetworkId due to: Could not load file or assembly 'UnityEditor.iOS.Extensions.Xcode, Version=1.0.0.0, Culture=neutral, PublicKeyToken=null' or one of its dependencies. assembly:UnityEditor.iOS.Extensions.Xcode, Version=1.0.0.0, Culture=neutral, PublicKeyToken=null type:<unknown type> member:(null) signature:<none>
0x00007ff6cc837c1c (Unity) StackWalker::GetCurrentCallstack
0x00007ff6cc8402b9 (Unity) StackWalker::ShowCallstack
0x00007ff6cdd645bc (Unity) GetStacktrace
0x00007ff6cee956f3 (Unity) DebugStringToFile
0x00007ff6cc64cd4b (Unity) ScanForAttributesAndInterfaceImplementations
0x00007ff6cc66db53 (Unity) MonoManager::SetupTypeCache
0x00007ff6cc6643e3 (Unity) MonoManager::EndReloadAssembly
0x00007ff6cc66b707 (Unity) MonoManager::ReloadAssembly
0x00007ff6cda5f361 (Unity) LoadDomainAndUserAssemblies
0x00007ff6cda5f80e (Unity) LoadUserAssemblies
0x00007ff6cded62b8 (Unity) <lambda_d5cd3abeeb3ed75489242b6b28c1fa53>::operator()
0x00007ff6cdf7a262 (Unity) asio::detail::completion_handler<core::mutable_function<void __cdecl(void)> >::do_complete
0x00007ff6cdf7c3c0 (Unity) asio::detail::win_iocp_io_service::do_one
0x00007ff6cdf7fb4e (Unity) asio::io_service::run
0x00007ff6cdf029eb (Unity) RunAssetImportWorkerClientV2
0x00007ff6cdf02a40 (Unity) RunAssetImporterV2
0x00007ff6cd3c6616 (Unity) Application::InitializeProject
0x00007ff6cdd71b22 (Unity) WinMain
0x00007ff6cfbc92b6 (Unity) __scrt_common_main_seh
0x00007ffdfc2d7034 (KERNEL32) BaseThreadInitThunk
0x00007ffdfd3426a1 (ntdll) RtlUserThreadStart

Error: Could not load signature of iOSNotificationPostProcessor:ShouldAddSettingToPlist due to: Could not load file or assembly 'UnityEditor.iOS.Extensions.Xcode, Version=1.0.0.0, Culture=neutral, PublicKeyToken=null' or one of its dependencies. assembly:UnityEditor.iOS.Extensions.Xcode, Version=1.0.0.0, Culture=neutral, PublicKeyToken=null type:<unknown type> member:(null) signature:<none>
0x00007ff6cc837c1c (Unity) StackWalker::GetCurrentCallstack
0x00007ff6cc8402b9 (Unity) StackWalker::ShowCallstack
0x00007ff6cdd645bc (Unity) GetStacktrace
0x00007ff6cee956f3 (Unity) DebugStringToFile
0x00007ff6cc64cd4b (Unity) ScanForAttributesAndInterfaceImplementations
0x00007ff6cc66db53 (Unity) MonoManager::SetupTypeCache
0x00007ff6cc6643e3 (Unity) MonoManager::EndReloadAssembly
0x00007ff6cc66b707 (Unity) MonoManager::ReloadAssembly
0x00007ff6cda5f361 (Unity) LoadDomainAndUserAssemblies
0x00007ff6cda5f80e (Unity) LoadUserAssemblies
0x00007ff6cded62b8 (Unity) <lambda_d5cd3abeeb3ed75489242b6b28c1fa53>::operator()
0x00007ff6cdf7a262 (Unity) asio::detail::completion_handler<core::mutable_function<void __cdecl(void)> >::do_complete
0x00007ff6cdf7c3c0 (Unity) asio::detail::win_iocp_io_service::do_one
0x00007ff6cdf7fb4e (Unity) asio::io_service::run
0x00007ff6cdf029eb (Unity) RunAssetImportWorkerClientV2
0x00007ff6cdf02a40 (Unity) RunAssetImporterV2
0x00007ff6cd3c6616 (Unity) Application::InitializeProject
0x00007ff6cdd71b22 (Unity) WinMain
0x00007ff6cfbc92b6 (Unity) __scrt_common_main_seh
0x00007ffdfc2d7034 (KERNEL32) BaseThreadInitThunk
0x00007ffdfd3426a1 (ntdll) RtlUserThreadStart

Unloading broken assembly Library/ScriptAssemblies/UnityEngine.Advertisements.Editor.dll, this assembly can cause crashes in the runtime
0x00007ff6cc837c1c (Unity) StackWalker::GetCurrentCallstack
0x00007ff6cc8402b9 (Unity) StackWalker::ShowCallstack
0x00007ff6cdd645bc (Unity) GetStacktrace
0x00007ff6cee956f3 (Unity) DebugStringToFile
0x00007ff6cc66d335 (Unity) MonoManager::SetupLoadedEditorAssemblies
0x00007ff6cc664771 (Unity) MonoManager::EndReloadAssembly
0x00007ff6cc66b707 (Unity) MonoManager::ReloadAssembly
0x00007ff6cda5f361 (Unity) LoadDomainAndUserAssemblies
0x00007ff6cda5f80e (Unity) LoadUserAssemblies
0x00007ff6cded62b8 (Unity) <lambda_d5cd3abeeb3ed75489242b6b28c1fa53>::operator()
0x00007ff6cdf7a262 (Unity) asio::detail::completion_handler<core::mutable_function<void __cdecl(void)> >::do_complete
0x00007ff6cdf7c3c0 (Unity) asio::detail::win_iocp_io_service::do_one
0x00007ff6cdf7fb4e (Unity) asio::io_service::run
0x00007ff6cdf029eb (Unity) RunAssetImportWorkerClientV2
0x00007ff6cdf02a40 (Unity) RunAssetImporterV2
0x00007ff6cd3c6616 (Unity) Application::InitializeProject
0x00007ff6cdd71b22 (Unity) WinMain
0x00007ff6cfbc92b6 (Unity) __scrt_common_main_seh
0x00007ffdfc2d7034 (KERNEL32) BaseThreadInitThunk
0x00007ffdfd3426a1 (ntdll) RtlUserThreadStart

Unloading broken assembly Library/ScriptAssemblies/Unity.Notifications.dll, this assembly can cause crashes in the runtime
0x00007ff6cc837c1c (Unity) StackWalker::GetCurrentCallstack
0x00007ff6cc8402b9 (Unity) StackWalker::ShowCallstack
0x00007ff6cdd645bc (Unity) GetStacktrace
0x00007ff6cee956f3 (Unity) DebugStringToFile
0x00007ff6cc66d335 (Unity) MonoManager::SetupLoadedEditorAssemblies
0x00007ff6cc664771 (Unity) MonoManager::EndReloadAssembly
0x00007ff6cc66b707 (Unity) MonoManager::ReloadAssembly
0x00007ff6cda5f361 (Unity) LoadDomainAndUserAssemblies
0x00007ff6cda5f80e (Unity) LoadUserAssemblies
0x00007ff6cded62b8 (Unity) <lambda_d5cd3abeeb3ed75489242b6b28c1fa53>::operator()
0x00007ff6cdf7a262 (Unity) asio::detail::completion_handler<core::mutable_function<void __cdecl(void)> >::do_complete
0x00007ff6cdf7c3c0 (Unity) asio::detail::win_iocp_io_service::do_one
0x00007ff6cdf7fb4e (Unity) asio::io_service::run
0x00007ff6cdf029eb (Unity) RunAssetImportWorkerClientV2
0x00007ff6cdf02a40 (Unity) RunAssetImporterV2
0x00007ff6cd3c6616 (Unity) Application::InitializeProject
0x00007ff6cdd71b22 (Unity) WinMain
0x00007ff6cfbc92b6 (Unity) __scrt_common_main_seh
0x00007ffdfc2d7034 (KERNEL32) BaseThreadInitThunk
0x00007ffdfd3426a1 (ntdll) RtlUserThreadStart

Native extension for WindowsStandalone target not found
Refreshing native plugins compatible for Editor in 0.52 ms, found 3 plugins.
Preloading 0 native plugins for Editor in 0.00 ms.
Mono: successfully reloaded assembly
- Completed reload, in  0.698 seconds
Domain Reload Profiling:
	ReloadAssembly (699ms)
		BeginReloadAssembly (88ms)
			ExecutionOrderSort (0ms)
			DisableScriptedObjects (4ms)
			BackupInstance (0ms)
			ReleaseScriptingObjects (0ms)
			CreateAndSetChildDomain (23ms)
		EndReloadAssembly (569ms)
			LoadAssemblies (67ms)
			RebuildTransferFunctionScriptingTraits (0ms)
			SetupTypeCache (205ms)
			ReleaseScriptCaches (1ms)
			RebuildScriptCaches (29ms)
			SetupLoadedEditorAssemblies (203ms)
				LogAssemblyErrors (1ms)
				InitializePlatformSupportModulesInManaged (3ms)
				SetLoadedEditorAssemblies (0ms)
				RefreshPlugins (1ms)
				BeforeProcessingInitializeOnLoad (46ms)
				ProcessInitializeOnLoadAttributes (140ms)
				ProcessInitializeOnLoadMethodAttributes (8ms)
				AfterProcessingInitializeOnLoad (4ms)
				EditorAssembliesLoaded (0ms)
			ExecutionOrderSort2 (0ms)
			AwakeInstancesAfterBackupRestoration (6ms)
Platform modules already initialized, skipping
Switching build target platform(19) subTarget(0) extendedPlatform(0) -> platform(9) subTarget(16777218) extendedPlatform(0)
Refreshing native plugins compatible for Editor in 0.58 ms, found 3 plugins.
Preloading 0 native plugins for Editor in 0.00 ms.
Unloading 2661 Unused Serialized files (Serialized files now loaded: 0)
System memory in use before: 113.9 MB.
System memory in use after: 114.1 MB.

Unloading 46 unused Assets to reduce memory usage. Loaded Objects now: 3126.
Total: 1.847300 ms (FindLiveObjects: 0.146200 ms CreateObjectMapping: 0.060800 ms MarkObjects: 1.624200 ms  DeleteObjects: 0.015400 ms)

AssetImportParameters requested are different than current active one (requested -> active):
  custom:framework-win-MediaFoundation: 216162199b28c13a410421893ffa2e32 -> 
  custom:video-decoder-ogg-theora: a1e56fd34408186e4bbccfd4996cb3dc -> 
  custom:container-muxer-webm: aa71ff27fc2769a1b78a27578f13a17b -> 
  custom:container-demuxer-webm: 4f35f7cbe854078d1ac9338744f61a02 -> 
  custom:container-demuxer-ogg: 62fdf1f143b41e24485cea50d1cbac27 -> 
  custom:video-encoder-webm-vp8: eb34c28f22e8b96e1ab97ce403110664 -> 
  custom:video-decoder-webm-vp8: 9c59270c3fd7afecdb556c50c9e8de78 -> 
  custom:graphics/normal-map-encoding: 01000000000000000000000000000000 -> 02000000000000000000000000000000
  custom:audio-decoder-ogg-vorbis: bf7c407c2cedff20999df2af8eb42d56 -> 
  custom:audio-encoder-webm-vorbis: bf7c407c2cedff20999df2af8eb42d56 -> 
========================================================================
Received Prepare
Registering precompiled user dll's ...
Registered in 0.002797 seconds.
Begin MonoManager ReloadAssembly
Error: Could not load signature of UnityEngine.Advertisements.Editor.PostProcessBuildPlist:PlistContainsAdNetworkId due to: Could not load file or assembly 'UnityEditor.iOS.Extensions.Xcode, Version=1.0.0.0, Culture=neutral, PublicKeyToken=null' or one of its dependencies. assembly:UnityEditor.iOS.Extensions.Xcode, Version=1.0.0.0, Culture=neutral, PublicKeyToken=null type:<unknown type> member:(null) signature:<none>
0x00007ff6cc837c1c (Unity) StackWalker::GetCurrentCallstack
0x00007ff6cc8402b9 (Unity) StackWalker::ShowCallstack
0x00007ff6cdd645bc (Unity) GetStacktrace
0x00007ff6cee956f3 (Unity) DebugStringToFile
0x00007ff6cc64cd4b (Unity) ScanForAttributesAndInterfaceImplementations
0x00007ff6cc66db53 (Unity) MonoManager::SetupTypeCache
0x00007ff6cc6643e3 (Unity) MonoManager::EndReloadAssembly
0x00007ff6cc66b707 (Unity) MonoManager::ReloadAssembly
0x00007ff6cda5f361 (Unity) LoadDomainAndUserAssemblies
0x00007ff6cda5f80e (Unity) LoadUserAssemblies
0x00007ff6cded62b8 (Unity) <lambda_d5cd3abeeb3ed75489242b6b28c1fa53>::operator()
0x00007ff6cdf7a262 (Unity) asio::detail::completion_handler<core::mutable_function<void __cdecl(void)> >::do_complete
0x00007ff6cdf7c3c0 (Unity) asio::detail::win_iocp_io_service::do_one
0x00007ff6cdf7fb4e (Unity) asio::io_service::run
0x00007ff6cdf029eb (Unity) RunAssetImportWorkerClientV2
0x00007ff6cdf02a40 (Unity) RunAssetImporterV2
0x00007ff6cd3c6616 (Unity) Application::InitializeProject
0x00007ff6cdd71b22 (Unity) WinMain
0x00007ff6cfbc92b6 (Unity) __scrt_common_main_seh
0x00007ffdfc2d7034 (KERNEL32) BaseThreadInitThunk
0x00007ffdfd3426a1 (ntdll) RtlUserThreadStart

Error: Could not load signature of iOSNotificationPostProcessor:ShouldAddSettingToPlist due to: Could not load file or assembly 'UnityEditor.iOS.Extensions.Xcode, Version=1.0.0.0, Culture=neutral, PublicKeyToken=null' or one of its dependencies. assembly:UnityEditor.iOS.Extensions.Xcode, Version=1.0.0.0, Culture=neutral, PublicKeyToken=null type:<unknown type> member:(null) signature:<none>
0x00007ff6cc837c1c (Unity) StackWalker::GetCurrentCallstack
0x00007ff6cc8402b9 (Unity) StackWalker::ShowCallstack
0x00007ff6cdd645bc (Unity) GetStacktrace
0x00007ff6cee956f3 (Unity) DebugStringToFile
0x00007ff6cc64cd4b (Unity) ScanForAttributesAndInterfaceImplementations
0x00007ff6cc66db53 (Unity) MonoManager::SetupTypeCache
0x00007ff6cc6643e3 (Unity) MonoManager::EndReloadAssembly
0x00007ff6cc66b707 (Unity) MonoManager::ReloadAssembly
0x00007ff6cda5f361 (Unity) LoadDomainAndUserAssemblies
0x00007ff6cda5f80e (Unity) LoadUserAssemblies
0x00007ff6cded62b8 (Unity) <lambda_d5cd3abeeb3ed75489242b6b28c1fa53>::operator()
0x00007ff6cdf7a262 (Unity) asio::detail::completion_handler<core::mutable_function<void __cdecl(void)> >::do_complete
0x00007ff6cdf7c3c0 (Unity) asio::detail::win_iocp_io_service::do_one
0x00007ff6cdf7fb4e (Unity) asio::io_service::run
0x00007ff6cdf029eb (Unity) RunAssetImportWorkerClientV2
0x00007ff6cdf02a40 (Unity) RunAssetImporterV2
0x00007ff6cd3c6616 (Unity) Application::InitializeProject
0x00007ff6cdd71b22 (Unity) WinMain
0x00007ff6cfbc92b6 (Unity) __scrt_common_main_seh
0x00007ffdfc2d7034 (KERNEL32) BaseThreadInitThunk
0x00007ffdfd3426a1 (ntdll) RtlUserThreadStart

Unloading broken assembly Library/ScriptAssemblies/UnityEngine.Advertisements.Editor.dll, this assembly can cause crashes in the runtime
0x00007ff6cc837c1c (Unity) StackWalker::GetCurrentCallstack
0x00007ff6cc8402b9 (Unity) StackWalker::ShowCallstack
0x00007ff6cdd645bc (Unity) GetStacktrace
0x00007ff6cee956f3 (Unity) DebugStringToFile
0x00007ff6cc66d335 (Unity) MonoManager::SetupLoadedEditorAssemblies
0x00007ff6cc664771 (Unity) MonoManager::EndReloadAssembly
0x00007ff6cc66b707 (Unity) MonoManager::ReloadAssembly
0x00007ff6cda5f361 (Unity) LoadDomainAndUserAssemblies
0x00007ff6cda5f80e (Unity) LoadUserAssemblies
0x00007ff6cded62b8 (Unity) <lambda_d5cd3abeeb3ed75489242b6b28c1fa53>::operator()
0x00007ff6cdf7a262 (Unity) asio::detail::completion_handler<core::mutable_function<void __cdecl(void)> >::do_complete
0x00007ff6cdf7c3c0 (Unity) asio::detail::win_iocp_io_service::do_one
0x00007ff6cdf7fb4e (Unity) asio::io_service::run
0x00007ff6cdf029eb (Unity) RunAssetImportWorkerClientV2
0x00007ff6cdf02a40 (Unity) RunAssetImporterV2
0x00007ff6cd3c6616 (Unity) Application::InitializeProject
0x00007ff6cdd71b22 (Unity) WinMain
0x00007ff6cfbc92b6 (Unity) __scrt_common_main_seh
0x00007ffdfc2d7034 (KERNEL32) BaseThreadInitThunk
0x00007ffdfd3426a1 (ntdll) RtlUserThreadStart

Unloading broken assembly Library/ScriptAssemblies/Unity.Notifications.dll, this assembly can cause crashes in the runtime
0x00007ff6cc837c1c (Unity) StackWalker::GetCurrentCallstack
0x00007ff6cc8402b9 (Unity) StackWalker::ShowCallstack
0x00007ff6cdd645bc (Unity) GetStacktrace
0x00007ff6cee956f3 (Unity) DebugStringToFile
0x00007ff6cc66d335 (Unity) MonoManager::SetupLoadedEditorAssemblies
0x00007ff6cc664771 (Unity) MonoManager::EndReloadAssembly
0x00007ff6cc66b707 (Unity) MonoManager::ReloadAssembly
0x00007ff6cda5f361 (Unity) LoadDomainAndUserAssemblies
0x00007ff6cda5f80e (Unity) LoadUserAssemblies
0x00007ff6cded62b8 (Unity) <lambda_d5cd3abeeb3ed75489242b6b28c1fa53>::operator()
0x00007ff6cdf7a262 (Unity) asio::detail::completion_handler<core::mutable_function<void __cdecl(void)> >::do_complete
0x00007ff6cdf7c3c0 (Unity) asio::detail::win_iocp_io_service::do_one
0x00007ff6cdf7fb4e (Unity) asio::io_service::run
0x00007ff6cdf029eb (Unity) RunAssetImportWorkerClientV2
0x00007ff6cdf02a40 (Unity) RunAssetImporterV2
0x00007ff6cd3c6616 (Unity) Application::InitializeProject
0x00007ff6cdd71b22 (Unity) WinMain
0x00007ff6cfbc92b6 (Unity) __scrt_common_main_seh
0x00007ffdfc2d7034 (KERNEL32) BaseThreadInitThunk
0x00007ffdfd3426a1 (ntdll) RtlUserThreadStart

Native extension for WindowsStandalone target not found
Refreshing native plugins compatible for Editor in 0.63 ms, found 3 plugins.
Preloading 0 native plugins for Editor in 0.00 ms.
Mono: successfully reloaded assembly
- Completed reload, in  0.702 seconds
Domain Reload Profiling:
	ReloadAssembly (703ms)
		BeginReloadAssembly (91ms)
			ExecutionOrderSort (0ms)
			DisableScriptedObjects (4ms)
			BackupInstance (0ms)
			ReleaseScriptingObjects (0ms)
			CreateAndSetChildDomain (25ms)
		EndReloadAssembly (567ms)
			LoadAssemblies (68ms)
			RebuildTransferFunctionScriptingTraits (0ms)
			SetupTypeCache (190ms)
			ReleaseScriptCaches (1ms)
			RebuildScriptCaches (30ms)
			SetupLoadedEditorAssemblies (210ms)
				LogAssemblyErrors (1ms)
				InitializePlatformSupportModulesInManaged (3ms)
				SetLoadedEditorAssemblies (0ms)
				RefreshPlugins (1ms)
				BeforeProcessingInitializeOnLoad (47ms)
				ProcessInitializeOnLoadAttributes (145ms)
				ProcessInitializeOnLoadMethodAttributes (9ms)
				AfterProcessingInitializeOnLoad (4ms)
				EditorAssembliesLoaded (0ms)
			ExecutionOrderSort2 (0ms)
			AwakeInstancesAfterBackupRestoration (6ms)
Platform modules already initialized, skipping
Switching build target platform(19) subTarget(0) extendedPlatform(0) -> platform(9) subTarget(16777218) extendedPlatform(0)
Refreshing native plugins compatible for Editor in 0.54 ms, found 3 plugins.
Preloading 0 native plugins for Editor in 0.00 ms.
Unloading 2661 Unused Serialized files (Serialized files now loaded: 0)
System memory in use before: 113.9 MB.
System memory in use after: 114.1 MB.

Unloading 46 unused Assets to reduce memory usage. Loaded Objects now: 3128.
Total: 2.001100 ms (FindLiveObjects: 0.155400 ms CreateObjectMapping: 0.060700 ms MarkObjects: 1.754800 ms  DeleteObjects: 0.029300 ms)

AssetImportParameters requested are different than current active one (requested -> active):
  custom:framework-win-MediaFoundation: 216162199b28c13a410421893ffa2e32 -> 
  custom:video-decoder-ogg-theora: a1e56fd34408186e4bbccfd4996cb3dc -> 
  custom:container-muxer-webm: aa71ff27fc2769a1b78a27578f13a17b -> 
  custom:container-demuxer-webm: 4f35f7cbe854078d1ac9338744f61a02 -> 
  custom:container-demuxer-ogg: 62fdf1f143b41e24485cea50d1cbac27 -> 
  custom:video-encoder-webm-vp8: eb34c28f22e8b96e1ab97ce403110664 -> 
  custom:video-decoder-webm-vp8: 9c59270c3fd7afecdb556c50c9e8de78 -> 
  custom:graphics/normal-map-encoding: 01000000000000000000000000000000 -> 02000000000000000000000000000000
  custom:audio-decoder-ogg-vorbis: bf7c407c2cedff20999df2af8eb42d56 -> 
  custom:audio-encoder-webm-vorbis: bf7c407c2cedff20999df2af8eb42d56 -> 
========================================================================
Received Prepare
Registering precompiled user dll's ...
Registered in 0.002757 seconds.
Begin MonoManager ReloadAssembly
Error: Could not load signature of UnityEngine.Advertisements.Editor.PostProcessBuildPlist:PlistContainsAdNetworkId due to: Could not load file or assembly 'UnityEditor.iOS.Extensions.Xcode, Version=1.0.0.0, Culture=neutral, PublicKeyToken=null' or one of its dependencies. assembly:UnityEditor.iOS.Extensions.Xcode, Version=1.0.0.0, Culture=neutral, PublicKeyToken=null type:<unknown type> member:(null) signature:<none>
0x00007ff6cc837c1c (Unity) StackWalker::GetCurrentCallstack
0x00007ff6cc8402b9 (Unity) StackWalker::ShowCallstack
0x00007ff6cdd645bc (Unity) GetStacktrace
0x00007ff6cee956f3 (Unity) DebugStringToFile
0x00007ff6cc64cd4b (Unity) ScanForAttributesAndInterfaceImplementations
0x00007ff6cc66db53 (Unity) MonoManager::SetupTypeCache
0x00007ff6cc6643e3 (Unity) MonoManager::EndReloadAssembly
0x00007ff6cc66b707 (Unity) MonoManager::ReloadAssembly
0x00007ff6cda5f361 (Unity) LoadDomainAndUserAssemblies
0x00007ff6cda5f80e (Unity) LoadUserAssemblies
0x00007ff6cded62b8 (Unity) <lambda_d5cd3abeeb3ed75489242b6b28c1fa53>::operator()
0x00007ff6cdf7a262 (Unity) asio::detail::completion_handler<core::mutable_function<void __cdecl(void)> >::do_complete
0x00007ff6cdf7c3c0 (Unity) asio::detail::win_iocp_io_service::do_one
0x00007ff6cdf7fb4e (Unity) asio::io_service::run
0x00007ff6cdf029eb (Unity) RunAssetImportWorkerClientV2
0x00007ff6cdf02a40 (Unity) RunAssetImporterV2
0x00007ff6cd3c6616 (Unity) Application::InitializeProject
0x00007ff6cdd71b22 (Unity) WinMain
0x00007ff6cfbc92b6 (Unity) __scrt_common_main_seh
0x00007ffdfc2d7034 (KERNEL32) BaseThreadInitThunk
0x00007ffdfd3426a1 (ntdll) RtlUserThreadStart

Error: Could not load signature of iOSNotificationPostProcessor:ShouldAddSettingToPlist due to: Could not load file or assembly 'UnityEditor.iOS.Extensions.Xcode, Version=1.0.0.0, Culture=neutral, PublicKeyToken=null' or one of its dependencies. assembly:UnityEditor.iOS.Extensions.Xcode, Version=1.0.0.0, Culture=neutral, PublicKeyToken=null type:<unknown type> member:(null) signature:<none>
0x00007ff6cc837c1c (Unity) StackWalker::GetCurrentCallstack
0x00007ff6cc8402b9 (Unity) StackWalker::ShowCallstack
0x00007ff6cdd645bc (Unity) GetStacktrace
0x00007ff6cee956f3 (Unity) DebugStringToFile
0x00007ff6cc64cd4b (Unity) ScanForAttributesAndInterfaceImplementations
0x00007ff6cc66db53 (Unity) MonoManager::SetupTypeCache
0x00007ff6cc6643e3 (Unity) MonoManager::EndReloadAssembly
0x00007ff6cc66b707 (Unity) MonoManager::ReloadAssembly
0x00007ff6cda5f361 (Unity) LoadDomainAndUserAssemblies
0x00007ff6cda5f80e (Unity) LoadUserAssemblies
0x00007ff6cded62b8 (Unity) <lambda_d5cd3abeeb3ed75489242b6b28c1fa53>::operator()
0x00007ff6cdf7a262 (Unity) asio::detail::completion_handler<core::mutable_function<void __cdecl(void)> >::do_complete
0x00007ff6cdf7c3c0 (Unity) asio::detail::win_iocp_io_service::do_one
0x00007ff6cdf7fb4e (Unity) asio::io_service::run
0x00007ff6cdf029eb (Unity) RunAssetImportWorkerClientV2
0x00007ff6cdf02a40 (Unity) RunAssetImporterV2
0x00007ff6cd3c6616 (Unity) Application::InitializeProject
0x00007ff6cdd71b22 (Unity) WinMain
0x00007ff6cfbc92b6 (Unity) __scrt_common_main_seh
0x00007ffdfc2d7034 (KERNEL32) BaseThreadInitThunk
0x00007ffdfd3426a1 (ntdll) RtlUserThreadStart

Unloading broken assembly Library/ScriptAssemblies/UnityEngine.Advertisements.Editor.dll, this assembly can cause crashes in the runtime
0x00007ff6cc837c1c (Unity) StackWalker::GetCurrentCallstack
0x00007ff6cc8402b9 (Unity) StackWalker::ShowCallstack
0x00007ff6cdd645bc (Unity) GetStacktrace
0x00007ff6cee956f3 (Unity) DebugStringToFile
0x00007ff6cc66d335 (Unity) MonoManager::SetupLoadedEditorAssemblies
0x00007ff6cc664771 (Unity) MonoManager::EndReloadAssembly
0x00007ff6cc66b707 (Unity) MonoManager::ReloadAssembly
0x00007ff6cda5f361 (Unity) LoadDomainAndUserAssemblies
0x00007ff6cda5f80e (Unity) LoadUserAssemblies
0x00007ff6cded62b8 (Unity) <lambda_d5cd3abeeb3ed75489242b6b28c1fa53>::operator()
0x00007ff6cdf7a262 (Unity) asio::detail::completion_handler<core::mutable_function<void __cdecl(void)> >::do_complete
0x00007ff6cdf7c3c0 (Unity) asio::detail::win_iocp_io_service::do_one
0x00007ff6cdf7fb4e (Unity) asio::io_service::run
0x00007ff6cdf029eb (Unity) RunAssetImportWorkerClientV2
0x00007ff6cdf02a40 (Unity) RunAssetImporterV2
0x00007ff6cd3c6616 (Unity) Application::InitializeProject
0x00007ff6cdd71b22 (Unity) WinMain
0x00007ff6cfbc92b6 (Unity) __scrt_common_main_seh
0x00007ffdfc2d7034 (KERNEL32) BaseThreadInitThunk
0x00007ffdfd3426a1 (ntdll) RtlUserThreadStart

Unloading broken assembly Library/ScriptAssemblies/Unity.Notifications.dll, this assembly can cause crashes in the runtime
0x00007ff6cc837c1c (Unity) StackWalker::GetCurrentCallstack
0x00007ff6cc8402b9 (Unity) StackWalker::ShowCallstack
0x00007ff6cdd645bc (Unity) GetStacktrace
0x00007ff6cee956f3 (Unity) DebugStringToFile
0x00007ff6cc66d335 (Unity) MonoManager::SetupLoadedEditorAssemblies
0x00007ff6cc664771 (Unity) MonoManager::EndReloadAssembly
0x00007ff6cc66b707 (Unity) MonoManager::ReloadAssembly
0x00007ff6cda5f361 (Unity) LoadDomainAndUserAssemblies
0x00007ff6cda5f80e (Unity) LoadUserAssemblies
0x00007ff6cded62b8 (Unity) <lambda_d5cd3abeeb3ed75489242b6b28c1fa53>::operator()
0x00007ff6cdf7a262 (Unity) asio::detail::completion_handler<core::mutable_function<void __cdecl(void)> >::do_complete
0x00007ff6cdf7c3c0 (Unity) asio::detail::win_iocp_io_service::do_one
0x00007ff6cdf7fb4e (Unity) asio::io_service::run
0x00007ff6cdf029eb (Unity) RunAssetImportWorkerClientV2
0x00007ff6cdf02a40 (Unity) RunAssetImporterV2
0x00007ff6cd3c6616 (Unity) Application::InitializeProject
0x00007ff6cdd71b22 (Unity) WinMain
0x00007ff6cfbc92b6 (Unity) __scrt_common_main_seh
0x00007ffdfc2d7034 (KERNEL32) BaseThreadInitThunk
0x00007ffdfd3426a1 (ntdll) RtlUserThreadStart

Native extension for WindowsStandalone target not found
Refreshing native plugins compatible for Editor in 0.53 ms, found 3 plugins.
Preloading 0 native plugins for Editor in 0.00 ms.
Mono: successfully reloaded assembly
- Completed reload, in  0.692 seconds
Domain Reload Profiling:
	ReloadAssembly (692ms)
		BeginReloadAssembly (86ms)
			ExecutionOrderSort (0ms)
			DisableScriptedObjects (4ms)
			BackupInstance (0ms)
			ReleaseScriptingObjects (0ms)
			CreateAndSetChildDomain (21ms)
		EndReloadAssembly (562ms)
			LoadAssemblies (62ms)
			RebuildTransferFunctionScriptingTraits (0ms)
			SetupTypeCache (177ms)
			ReleaseScriptCaches (1ms)
			RebuildScriptCaches (30ms)
			SetupLoadedEditorAssemblies (216ms)
				LogAssemblyErrors (1ms)
				InitializePlatformSupportModulesInManaged (3ms)
				SetLoadedEditorAssemblies (0ms)
				RefreshPlugins (1ms)
				BeforeProcessingInitializeOnLoad (46ms)
				ProcessInitializeOnLoadAttributes (152ms)
				ProcessInitializeOnLoadMethodAttributes (9ms)
				AfterProcessingInitializeOnLoad (4ms)
				EditorAssembliesLoaded (0ms)
			ExecutionOrderSort2 (0ms)
			AwakeInstancesAfterBackupRestoration (7ms)
Platform modules already initialized, skipping
Switching build target platform(19) subTarget(0) extendedPlatform(0) -> platform(9) subTarget(16777218) extendedPlatform(0)
Refreshing native plugins compatible for Editor in 0.54 ms, found 3 plugins.
Preloading 0 native plugins for Editor in 0.00 ms.
Unloading 2661 Unused Serialized files (Serialized files now loaded: 0)
System memory in use before: 113.9 MB.
System memory in use after: 114.2 MB.

Unloading 46 unused Assets to reduce memory usage. Loaded Objects now: 3130.
Total: 2.200200 ms (FindLiveObjects: 0.154000 ms CreateObjectMapping: 0.060700 ms MarkObjects: 1.965700 ms  DeleteObjects: 0.018700 ms)

AssetImportParameters requested are different than current active one (requested -> active):
  custom:framework-win-MediaFoundation: 216162199b28c13a410421893ffa2e32 -> 
  custom:video-decoder-ogg-theora: a1e56fd34408186e4bbccfd4996cb3dc -> 
  custom:container-muxer-webm: aa71ff27fc2769a1b78a27578f13a17b -> 
  custom:container-demuxer-webm: 4f35f7cbe854078d1ac9338744f61a02 -> 
  custom:container-demuxer-ogg: 62fdf1f143b41e24485cea50d1cbac27 -> 
  custom:video-encoder-webm-vp8: eb34c28f22e8b96e1ab97ce403110664 -> 
  custom:video-decoder-webm-vp8: 9c59270c3fd7afecdb556c50c9e8de78 -> 
  custom:graphics/normal-map-encoding: 01000000000000000000000000000000 -> 02000000000000000000000000000000
  custom:audio-decoder-ogg-vorbis: bf7c407c2cedff20999df2af8eb42d56 -> 
  custom:audio-encoder-webm-vorbis: bf7c407c2cedff20999df2af8eb42d56 -> 
========================================================================
Received Import Request.
  Time since last request: 1076.147223 seconds.
  path: Assets/Rocket Rob.png
  artifactKey: Guid(ab03338ac29a5754d8ee62a8faef3126) Importer(815301076,1909f56bfc062723c751e8b465ee728b)
Start importing Assets/Rocket Rob.png using Guid(ab03338ac29a5754d8ee62a8faef3126) Importer(815301076,1909f56bfc062723c751e8b465ee728b)  -> (artifact id: '7500c81dc446569d909d12c15d3a705b') in 0.082231 seconds 
  Import took 0.086461 seconds .

========================================================================
Received Prepare
Registering precompiled user dll's ...
Registered in 0.002915 seconds.
Begin MonoManager ReloadAssembly
Error: Could not load signature of UnityEngine.Advertisements.Editor.PostProcessBuildPlist:PlistContainsAdNetworkId due to: Could not load file or assembly 'UnityEditor.iOS.Extensions.Xcode, Version=1.0.0.0, Culture=neutral, PublicKeyToken=null' or one of its dependencies. assembly:UnityEditor.iOS.Extensions.Xcode, Version=1.0.0.0, Culture=neutral, PublicKeyToken=null type:<unknown type> member:(null) signature:<none>
0x00007ff6cc837c1c (Unity) StackWalker::GetCurrentCallstack
0x00007ff6cc8402b9 (Unity) StackWalker::ShowCallstack
0x00007ff6cdd645bc (Unity) GetStacktrace
0x00007ff6cee956f3 (Unity) DebugStringToFile
0x00007ff6cc64cd4b (Unity) ScanForAttributesAndInterfaceImplementations
0x00007ff6cc66db53 (Unity) MonoManager::SetupTypeCache
0x00007ff6cc6643e3 (Unity) MonoManager::EndReloadAssembly
0x00007ff6cc66b707 (Unity) MonoManager::ReloadAssembly
0x00007ff6cda5f361 (Unity) LoadDomainAndUserAssemblies
0x00007ff6cda5f80e (Unity) LoadUserAssemblies
0x00007ff6cded62b8 (Unity) <lambda_d5cd3abeeb3ed75489242b6b28c1fa53>::operator()
0x00007ff6cdf7a262 (Unity) asio::detail::completion_handler<core::mutable_function<void __cdecl(void)> >::do_complete
0x00007ff6cdf7c3c0 (Unity) asio::detail::win_iocp_io_service::do_one
0x00007ff6cdf7fb4e (Unity) asio::io_service::run
0x00007ff6cdf029eb (Unity) RunAssetImportWorkerClientV2
0x00007ff6cdf02a40 (Unity) RunAssetImporterV2
0x00007ff6cd3c6616 (Unity) Application::InitializeProject
0x00007ff6cdd71b22 (Unity) WinMain
0x00007ff6cfbc92b6 (Unity) __scrt_common_main_seh
0x00007ffdfc2d7034 (KERNEL32) BaseThreadInitThunk
0x00007ffdfd3426a1 (ntdll) RtlUserThreadStart

Error: Could not load signature of iOSNotificationPostProcessor:ShouldAddSettingToPlist due to: Could not load file or assembly 'UnityEditor.iOS.Extensions.Xcode, Version=1.0.0.0, Culture=neutral, PublicKeyToken=null' or one of its dependencies. assembly:UnityEditor.iOS.Extensions.Xcode, Version=1.0.0.0, Culture=neutral, PublicKeyToken=null type:<unknown type> member:(null) signature:<none>
0x00007ff6cc837c1c (Unity) StackWalker::GetCurrentCallstack
0x00007ff6cc8402b9 (Unity) StackWalker::ShowCallstack
0x00007ff6cdd645bc (Unity) GetStacktrace
0x00007ff6cee956f3 (Unity) DebugStringToFile
0x00007ff6cc64cd4b (Unity) ScanForAttributesAndInterfaceImplementations
0x00007ff6cc66db53 (Unity) MonoManager::SetupTypeCache
0x00007ff6cc6643e3 (Unity) MonoManager::EndReloadAssembly
0x00007ff6cc66b707 (Unity) MonoManager::ReloadAssembly
0x00007ff6cda5f361 (Unity) LoadDomainAndUserAssemblies
0x00007ff6cda5f80e (Unity) LoadUserAssemblies
0x00007ff6cded62b8 (Unity) <lambda_d5cd3abeeb3ed75489242b6b28c1fa53>::operator()
0x00007ff6cdf7a262 (Unity) asio::detail::completion_handler<core::mutable_function<void __cdecl(void)> >::do_complete
0x00007ff6cdf7c3c0 (Unity) asio::detail::win_iocp_io_service::do_one
0x00007ff6cdf7fb4e (Unity) asio::io_service::run
0x00007ff6cdf029eb (Unity) RunAssetImportWorkerClientV2
0x00007ff6cdf02a40 (Unity) RunAssetImporterV2
0x00007ff6cd3c6616 (Unity) Application::InitializeProject
0x00007ff6cdd71b22 (Unity) WinMain
0x00007ff6cfbc92b6 (Unity) __scrt_common_main_seh
0x00007ffdfc2d7034 (KERNEL32) BaseThreadInitThunk
0x00007ffdfd3426a1 (ntdll) RtlUserThreadStart

Unloading broken assembly Library/ScriptAssemblies/UnityEngine.Advertisements.Editor.dll, this assembly can cause crashes in the runtime
0x00007ff6cc837c1c (Unity) StackWalker::GetCurrentCallstack
0x00007ff6cc8402b9 (Unity) StackWalker::ShowCallstack
0x00007ff6cdd645bc (Unity) GetStacktrace
0x00007ff6cee956f3 (Unity) DebugStringToFile
0x00007ff6cc66d335 (Unity) MonoManager::SetupLoadedEditorAssemblies
0x00007ff6cc664771 (Unity) MonoManager::EndReloadAssembly
0x00007ff6cc66b707 (Unity) MonoManager::ReloadAssembly
0x00007ff6cda5f361 (Unity) LoadDomainAndUserAssemblies
0x00007ff6cda5f80e (Unity) LoadUserAssemblies
0x00007ff6cded62b8 (Unity) <lambda_d5cd3abeeb3ed75489242b6b28c1fa53>::operator()
0x00007ff6cdf7a262 (Unity) asio::detail::completion_handler<core::mutable_function<void __cdecl(void)> >::do_complete
0x00007ff6cdf7c3c0 (Unity) asio::detail::win_iocp_io_service::do_one
0x00007ff6cdf7fb4e (Unity) asio::io_service::run
0x00007ff6cdf029eb (Unity) RunAssetImportWorkerClientV2
0x00007ff6cdf02a40 (Unity) RunAssetImporterV2
0x00007ff6cd3c6616 (Unity) Application::InitializeProject
0x00007ff6cdd71b22 (Unity) WinMain
0x00007ff6cfbc92b6 (Unity) __scrt_common_main_seh
0x00007ffdfc2d7034 (KERNEL32) BaseThreadInitThunk
0x00007ffdfd3426a1 (ntdll) RtlUserThreadStart

Unloading broken assembly Library/ScriptAssemblies/Unity.Notifications.dll, this assembly can cause crashes in the runtime
0x00007ff6cc837c1c (Unity) StackWalker::GetCurrentCallstack
0x00007ff6cc8402b9 (Unity) StackWalker::ShowCallstack
0x00007ff6cdd645bc (Unity) GetStacktrace
0x00007ff6cee956f3 (Unity) DebugStringToFile
0x00007ff6cc66d335 (Unity) MonoManager::SetupLoadedEditorAssemblies
0x00007ff6cc664771 (Unity) MonoManager::EndReloadAssembly
0x00007ff6cc66b707 (Unity) MonoManager::ReloadAssembly
0x00007ff6cda5f361 (Unity) LoadDomainAndUserAssemblies
0x00007ff6cda5f80e (Unity) LoadUserAssemblies
0x00007ff6cded62b8 (Unity) <lambda_d5cd3abeeb3ed75489242b6b28c1fa53>::operator()
0x00007ff6cdf7a262 (Unity) asio::detail::completion_handler<core::mutable_function<void __cdecl(void)> >::do_complete
0x00007ff6cdf7c3c0 (Unity) asio::detail::win_iocp_io_service::do_one
0x00007ff6cdf7fb4e (Unity) asio::io_service::run
0x00007ff6cdf029eb (Unity) RunAssetImportWorkerClientV2
0x00007ff6cdf02a40 (Unity) RunAssetImporterV2
0x00007ff6cd3c6616 (Unity) Application::InitializeProject
0x00007ff6cdd71b22 (Unity) WinMain
0x00007ff6cfbc92b6 (Unity) __scrt_common_main_seh
0x00007ffdfc2d7034 (KERNEL32) BaseThreadInitThunk
0x00007ffdfd3426a1 (ntdll) RtlUserThreadStart

Native extension for WindowsStandalone target not found
Refreshing native plugins compatible for Editor in 0.53 ms, found 3 plugins.
Preloading 0 native plugins for Editor in 0.00 ms.
Mono: successfully reloaded assembly
- Completed reload, in  0.703 seconds
Domain Reload Profiling:
	ReloadAssembly (704ms)
		BeginReloadAssembly (86ms)
			ExecutionOrderSort (0ms)
			DisableScriptedObjects (4ms)
			BackupInstance (0ms)
			ReleaseScriptingObjects (0ms)
			CreateAndSetChildDomain (23ms)
		EndReloadAssembly (574ms)
			LoadAssemblies (63ms)
			RebuildTransferFunctionScriptingTraits (0ms)
			SetupTypeCache (180ms)
			ReleaseScriptCaches (1ms)
			RebuildScriptCaches (30ms)
			SetupLoadedEditorAssemblies (223ms)
				LogAssemblyErrors (1ms)
				InitializePlatformSupportModulesInManaged (3ms)
				SetLoadedEditorAssemblies (0ms)
				RefreshPlugins (1ms)
				BeforeProcessingInitializeOnLoad (50ms)
				ProcessInitializeOnLoadAttributes (155ms)
				ProcessInitializeOnLoadMethodAttributes (9ms)
				AfterProcessingInitializeOnLoad (4ms)
				EditorAssembliesLoaded (0ms)
			ExecutionOrderSort2 (0ms)
			AwakeInstancesAfterBackupRestoration (6ms)
Platform modules already initialized, skipping
Switching build target platform(19) subTarget(0) extendedPlatform(0) -> platform(9) subTarget(16777218) extendedPlatform(0)
Refreshing native plugins compatible for Editor in 0.58 ms, found 3 plugins.
Preloading 0 native plugins for Editor in 0.00 ms.
Unloading 2661 Unused Serialized files (Serialized files now loaded: 0)
System memory in use before: 116.9 MB.
System memory in use after: 117.1 MB.

Unloading 46 unused Assets to reduce memory usage. Loaded Objects now: 3138.
Total: 1.937700 ms (FindLiveObjects: 0.154000 ms CreateObjectMapping: 0.058800 ms MarkObjects: 1.708200 ms  DeleteObjects: 0.016200 ms)

AssetImportParameters requested are different than current active one (requested -> active):
  custom:framework-win-MediaFoundation: 216162199b28c13a410421893ffa2e32 -> 
  custom:video-decoder-ogg-theora: a1e56fd34408186e4bbccfd4996cb3dc -> 
  custom:container-muxer-webm: aa71ff27fc2769a1b78a27578f13a17b -> 
  custom:container-demuxer-webm: 4f35f7cbe854078d1ac9338744f61a02 -> 
  custom:container-demuxer-ogg: 62fdf1f143b41e24485cea50d1cbac27 -> 
  custom:video-encoder-webm-vp8: eb34c28f22e8b96e1ab97ce403110664 -> 
  custom:video-decoder-webm-vp8: 9c59270c3fd7afecdb556c50c9e8de78 -> 
  custom:graphics/normal-map-encoding: 01000000000000000000000000000000 -> 02000000000000000000000000000000
  custom:audio-decoder-ogg-vorbis: bf7c407c2cedff20999df2af8eb42d56 -> 
  custom:audio-encoder-webm-vorbis: bf7c407c2cedff20999df2af8eb42d56 -> 
AssetImportWorkerClient::OnTransportError - code=2 error=End of file
